[+] Containers:
 |- [+] Container: /Game/ThirdPerson/Maps/ThirdPersonMap
 |   |- [+] ActorDescs:
 |   |   |- Guid:0082E1AA4B4D45F552535E83E9F1D47D BaseClass: NativeClass:/Script/Engine.StaticMeshActor Name:StaticMeshActor_UAID_047C164C6E2DAF4102_1742963950 Label:SM_Cube19 SpatiallyLoaded:1 Bounds:IsValid=true, Min=(X=2730.000 Y=658.417 Z=315.000), Max=(X=2905.000 Y=958.417 Z=340.000) RuntimeGrid:None EditorOnly:0 RuntimeOnly:0 HLODRelevant:1 ListedInSceneOutliner:1 IsMainWorldOnly:0
 |   |   |- Guid:0360E18D4E9A0AD9DDE6F4BDCBA8FC1D BaseClass: NativeClass:/Script/Engine.StaticMeshActor Name:StaticMeshActor_UAID_047C164C6E2DB54102_1280655018 Label:SM_Cube25 SpatiallyLoaded:1 Bounds:IsValid=true, Min=(X=433.000 Y=2826.417 Z=439.000), Max=(X=708.000 Y=3201.417 Z=614.000) RuntimeGrid:None EditorOnly:0 RuntimeOnly:0 HLODRelevant:1 ListedInSceneOutliner:1 IsMainWorldOnly:0
 |   |   |- Guid:202BE72C4BC07DF751C6B483D81C801F BaseClass: NativeClass:/Script/Engine.StaticMeshActor Name:StaticMeshActor_UAID_047C164C6E2DAF4102_1759868951 Label:SM_Cube20 SpatiallyLoaded:1 Bounds:IsValid=true, Min=(X=2730.500 Y=723.417 Z=339.000), Max=(X=2905.500 Y=1023.417 Z=364.000) RuntimeGrid:None EditorOnly:0 RuntimeOnly:0 HLODRelevant:1 ListedInSceneOutliner:1 IsMainWorldOnly:0
 |   |   |- Guid:205033C3460C28F344199DAACB6B9F0C BaseClass: NativeClass:/Script/Engine.StaticMeshActor Name:StaticMeshActor_UAID_047C164C6E2DB54102_1958929029 Label:SM_Cube33 SpatiallyLoaded:1 Bounds:IsValid=true, Min=(X=1298.000 Y=773.417 Z=460.000), Max=(X=1348.000 Y=1423.417 Z=1035.000) RuntimeGrid:None EditorOnly:0 RuntimeOnly:0 HLODRelevant:1 ListedInSceneOutliner:1 IsMainWorldOnly:0
 |   |   |- Guid:2273787D454F7394654E7DA698B8BAFA BaseClass: NativeClass:/Script/Engine.StaticMeshActor Name:StaticMeshActor_UAID_047C164C6E2DB54102_2030525030 Label:SM_Cube34 SpatiallyLoaded:1 Bounds:IsValid=true, Min=(X=370.000 Y=1378.417 Z=460.000), Max=(X=420.000 Y=1778.417 Z=1035.000) RuntimeGrid:None EditorOnly:0 RuntimeOnly:0 HLODRelevant:1 ListedInSceneOutliner:1 IsMainWorldOnly:0
 |   |   |- Guid:23CA411D440D2C7AD07C04929264A397 BaseClass: NativeClass:/Script/Engine.StaticMeshActor Name:StaticMeshActor_UAID_047C164C6E2DAF4102_1712963948 Label:SM_Cube17 SpatiallyLoaded:1 Bounds:IsValid=true, Min=(X=2729.000 Y=533.417 Z=268.000), Max=(X=2904.000 Y=833.417 Z=293.000) RuntimeGrid:None EditorOnly:0 RuntimeOnly:0 HLODRelevant:1 ListedInSceneOutliner:1 IsMainWorldOnly:0
 |   |   |- Guid:251B27274D41FB80838B2DA893922CF6 BaseClass: NativeClass:/Script/Engine.StaticMeshActor Name:StaticMeshActor_UAID_047C164C6E2DB54102_1438975020 Label:SM_Cube27 SpatiallyLoaded:1 Bounds:IsValid=true, Min=(X=433.000 Y=2789.417 Z=602.000), Max=(X=708.000 Y=3164.417 Z=652.000) RuntimeGrid:None EditorOnly:0 RuntimeOnly:0 HLODRelevant:1 ListedInSceneOutliner:1 IsMainWorldOnly:0
 |   |   |- Guid:263A1FA648CDAF28232487A2F529E3A1 BaseClass: NativeClass:/Script/Engine.StaticMeshActor Name:StaticMeshActor_UAID_047C164C6E2DB34102_2027272664 Label:Blockout_ER_2 SpatiallyLoaded:1 Bounds:IsValid=true, Min=(X=106.844 Y=838.444 Z=441.767), Max=(X=1825.881 Y=3459.535 Z=1041.007) RuntimeGrid:None EditorOnly:0 RuntimeOnly:0 HLODRelevant:1 ListedInSceneOutliner:1 IsMainWorldOnly:0
 |   |   |- Guid:263C049D4EB9CD8E71D61BAED8A917DD BaseClass: NativeClass:/Script/Engine.StaticMeshActor Name:StaticMeshActor_UAID_047C164C6E2DAF4102_1478971941 Label:SM_Cube10 SpatiallyLoaded:1 Bounds:IsValid=true, Min=(X=2492.000 Y=98.354 Z=100.000), Max=(X=2817.000 Y=273.354 Z=125.000) RuntimeGrid:None EditorOnly:0 RuntimeOnly:0 HLODRelevant:1 ListedInSceneOutliner:1 IsMainWorldOnly:0
 |   |   |- Guid:2FB58999456391D349DC0F86DAC136ED BaseClass: NativeClass:/Script/Engine.SkyLight Name:SkyLight_1 Label:SkyLight SpatiallyLoaded:0 Bounds:IsValid=true, Min=(X=0.000 Y=0.000 Z=690.000), Max=(X=0.000 Y=0.000 Z=690.000) RuntimeGrid:None EditorOnly:0 RuntimeOnly:0 HLODRelevant:0 ListedInSceneOutliner:1 IsMainWorldOnly:0 FolderPath:Lighting FolderGuid:963EC3EB4002CCE9759E2EBA541A873A
 |   |   |- Guid:316CF2A6494ACA4C0E4180A87D36AB8F BaseClass: NativeClass:/Script/Engine.ExponentialHeightFog Name:ExponentialHeightFog_0 Label:ExponentialHeightFog SpatiallyLoaded:0 Bounds:IsValid=true, Min=(X=-5600.000 Y=-50.000 Z=-6850.000), Max=(X=-5600.000 Y=-50.000 Z=-6850.000) RuntimeGrid:None EditorOnly:0 RuntimeOnly:0 HLODRelevant:0 ListedInSceneOutliner:1 IsMainWorldOnly:0 FolderPath:Lighting FolderGuid:963EC3EB4002CCE9759E2EBA541A873A
 |   |   |- Guid:3A00AA1C422CE54C0BDB60BAF471BFBB BaseClass: NativeClass:/Script/Engine.PlayerStart Name:PlayerStart_0 Label:PlayerStart SpatiallyLoaded:0 Bounds:IsValid=true, Min=(X=1764.000 Y=3102.000 Z=724.013), Max=(X=1844.000 Y=3182.000 Z=908.013) RuntimeGrid:None EditorOnly:0 RuntimeOnly:0 HLODRelevant:0 ListedInSceneOutliner:1 IsMainWorldOnly:0
 |   |   |- Guid:3F446176485FC8A50FA19C9BE7F98AAC BaseClass: NativeClass:/Script/Engine.StaticMeshActor Name:StaticMeshActor_UAID_047C164C6E2DB54102_1641534025 Label:SM_Cube30 SpatiallyLoaded:1 Bounds:IsValid=true, Min=(X=355.000 Y=1391.417 Z=453.000), Max=(X=1830.000 Y=1441.417 Z=653.000) RuntimeGrid:None EditorOnly:0 RuntimeOnly:0 HLODRelevant:1 ListedInSceneOutliner:1 IsMainWorldOnly:0
 |   |   |- Guid:43815E84492231AFC407F59E3C28176B BaseClass: NativeClass:/Script/Engine.StaticMeshActor Name:StaticMeshActor_4 Label:SM_Cube6 SpatiallyLoaded:1 Bounds:IsValid=true, Min=(X=2900.000 Y=100.000 Z=0.000), Max=(X=3000.000 Y=3400.000 Z=400.000) RuntimeGrid:None EditorOnly:0 RuntimeOnly:0 HLODRelevant:1 ListedInSceneOutliner:1 IsMainWorldOnly:0 FolderPath:Playground FolderGuid:C73F09FC4215536B1DCE2A9E0A830C70
 |   |   |- Guid:490A527043D3133935EEB6A9551BC36E BaseClass: NativeClass:/Script/Engine.StaticMeshActor Name:StaticMeshActor_UAID_047C164C6E2DAF4102_1772123952 Label:SM_Cube21 SpatiallyLoaded:1 Bounds:IsValid=true, Min=(X=2731.000 Y=785.417 Z=363.000), Max=(X=2906.000 Y=1085.417 Z=388.000) RuntimeGrid:None EditorOnly:0 RuntimeOnly:0 HLODRelevant:1 ListedInSceneOutliner:1 IsMainWorldOnly:0
 |   |   |- Guid:49BD3B4F466C56CB6F85F0B2428231AD BaseClass: NativeClass:/Script/Engine.StaticMeshActor Name:StaticMeshActor_UAID_047C164C6E2DAF4102_1633410943 Label:SM_Cube12 SpatiallyLoaded:1 Bounds:IsValid=true, Min=(X=2726.500 Y=224.417 Z=149.000), Max=(X=2901.500 Y=524.417 Z=174.000) RuntimeGrid:None EditorOnly:0 RuntimeOnly:0 HLODRelevant:1 ListedInSceneOutliner:1 IsMainWorldOnly:0
 |   |   |- Guid:4D3BE93F4146AAAC8BBE79999D96D57F BaseClass: NativeClass:/Script/Engine.VolumetricCloud Name:VolumetricCloud_0 Label:VolumetricCloud SpatiallyLoaded:0 Bounds:IsValid=true, Min=(X=0.000 Y=0.000 Z=820.000), Max=(X=0.000 Y=0.000 Z=820.000) RuntimeGrid:None EditorOnly:0 RuntimeOnly:0 HLODRelevant:0 ListedInSceneOutliner:1 IsMainWorldOnly:0 FolderPath:Lighting FolderGuid:963EC3EB4002CCE9759E2EBA541A873A
 |   |   |- Guid:4E6F6AA64E38DD4DC9633D99BDF2B7CF BaseClass: NativeClass:/Script/Engine.StaticMeshActor Name:StaticMeshActor_UAID_047C164C6E2DAF4102_1683254946 Label:SM_Cube15 SpatiallyLoaded:1 Bounds:IsValid=true, Min=(X=2728.000 Y=411.417 Z=220.000), Max=(X=2903.000 Y=711.417 Z=245.000) RuntimeGrid:None EditorOnly:0 RuntimeOnly:0 HLODRelevant:1 ListedInSceneOutliner:1 IsMainWorldOnly:0
 |   |   |- Guid:514B60CA48986BE53C4484BD2F24BCB5 BaseClass: NativeClass:/Script/Engine.StaticMeshActor Name:StaticMeshActor_UAID_047C164C6E2DAF4102_2102995954 Label:SM_Cube23 SpatiallyLoaded:1 Bounds:IsValid=true, Min=(X=434.000 Y=3187.417 Z=447.000), Max=(X=809.000 Y=3462.417 Z=522.000) RuntimeGrid:None EditorOnly:0 RuntimeOnly:0 HLODRelevant:1 ListedInSceneOutliner:1 IsMainWorldOnly:0
 |   |   |- Guid:55B992294D1A1D7AAA4C1686523C793C BaseClass: NativeClass:/Script/Engine.StaticMeshActor Name:StaticMeshActor_UAID_047C164C6E2DB54102_1416355019 Label:SM_Cube26 SpatiallyLoaded:1 Bounds:IsValid=true, Min=(X=584.000 Y=3185.417 Z=476.000), Max=(X=759.000 Y=3460.417 Z=551.000) RuntimeGrid:None EditorOnly:0 RuntimeOnly:0 HLODRelevant:1 ListedInSceneOutliner:1 IsMainWorldOnly:0
 |   |   |- Guid:66602C394D945B816439E681B44B8D5B BaseClass: NativeClass:/Script/Engine.StaticMeshActor Name:StaticMeshActor_UAID_047C164C6E2DB54102_1601517024 Label:SM_Cube29 SpatiallyLoaded:1 Bounds:IsValid=true, Min=(X=1105.000 Y=2648.417 Z=453.000), Max=(X=1830.000 Y=2698.417 Z=653.000) RuntimeGrid:None EditorOnly:0 RuntimeOnly:0 HLODRelevant:1 ListedInSceneOutliner:1 IsMainWorldOnly:0
 |   |   |- Guid:6BA560A9419C596497C7A8B355218C97 BaseClass: NativeClass:/Script/Engine.StaticMeshActor Name:StaticMeshActor_UAID_047C164C6E2DB64102_1175137213 Label:SM_Cube41 SpatiallyLoaded:1 Bounds:IsValid=true, Min=(X=90.000 Y=2665.417 Z=460.000), Max=(X=415.000 Y=2715.417 Z=1035.000) RuntimeGrid:None EditorOnly:0 RuntimeOnly:0 HLODRelevant:1 ListedInSceneOutliner:1 IsMainWorldOnly:0
 |   |   |- Guid:6BAF4DDD444C60371492D3919DB42C97 BaseClass: NativeClass:/Script/Engine.WorldDataLayers Name:WorldDataLayers Label:WorldDataLayers SpatiallyLoaded:0 Bounds:IsValid=true, Min=(X=0.000 Y=0.000 Z=0.000), Max=(X=0.000 Y=0.000 Z=0.000) RuntimeGrid:None EditorOnly:0 RuntimeOnly:0 HLODRelevant:0 ListedInSceneOutliner:1 IsMainWorldOnly:1
 |   |   |- Guid:7668844D41639365EC5072A98646367F BaseClass: NativeClass:/Script/Engine.StaticMeshActor Name:StaticMeshActor_UAID_047C164C6E2DAE4102_2069283762 Label:SM_Cube7 SpatiallyLoaded:1 Bounds:IsValid=true, Min=(X=2316.000 Y=99.521 Z=26.000), Max=(X=2441.000 Y=274.521 Z=51.000) RuntimeGrid:None EditorOnly:0 RuntimeOnly:0 HLODRelevant:1 ListedInSceneOutliner:1 IsMainWorldOnly:0
 |   |   |- Guid:7875500D48B5F96DED690B90BCD629A5 BaseClass: NativeClass:/Script/Engine.StaticMeshActor Name:StaticMeshActor_UAID_047C164C6E2DB54102_2076123032 Label:SM_Cube36 SpatiallyLoaded:1 Bounds:IsValid=true, Min=(X=89.000 Y=2192.417 Z=460.000), Max=(X=139.000 Y=2667.417 Z=1035.000) RuntimeGrid:None EditorOnly:0 RuntimeOnly:0 HLODRelevant:1 ListedInSceneOutliner:1 IsMainWorldOnly:0
 |   |   |- Guid:86CBEF854AA1A8A5AE19AEB83A2E76E6 BaseClass: NativeClass:/Script/Engine.StaticMeshActor Name:StaticMeshActor_UAID_047C164C6E2DB64102_1338788216 Label:SM_Cube44 SpatiallyLoaded:1 Bounds:IsValid=true, Min=(X=25.000 Y=723.000 Z=621.000), Max=(X=1825.000 Y=2498.000 Z=671.000) RuntimeGrid:None EditorOnly:0 RuntimeOnly:0 HLODRelevant:1 ListedInSceneOutliner:1 IsMainWorldOnly:0 FolderPath:Playground FolderGuid:C73F09FC4215536B1DCE2A9E0A830C70
 |   |   |- Guid:8939C9AB4FA0844AD70719B5D55724F6 BaseClass: NativeClass:/Script/Engine.StaticMeshActor Name:StaticMeshActor_UAID_047C164C6E2DB54102_2135867035 Label:SM_Cube39 SpatiallyLoaded:1 Bounds:IsValid=true, Min=(X=1302.000 Y=1363.417 Z=460.000), Max=(X=1827.000 Y=1413.417 Z=1035.000) RuntimeGrid:None EditorOnly:0 RuntimeOnly:0 HLODRelevant:1 ListedInSceneOutliner:1 IsMainWorldOnly:0
 |   |   |- Guid:8F091C8A4B78D326C65725AD32F827F1 BaseClass: NativeClass:/Script/Engine.StaticMeshActor Name:StaticMeshActor_UAID_047C164C6E2DAF4102_1703693947 Label:SM_Cube16 SpatiallyLoaded:1 Bounds:IsValid=true, Min=(X=2728.500 Y=471.417 Z=244.000), Max=(X=2903.500 Y=771.417 Z=269.000) RuntimeGrid:None EditorOnly:0 RuntimeOnly:0 HLODRelevant:1 ListedInSceneOutliner:1 IsMainWorldOnly:0
 |   |   |- Guid:935D586B4FCE4D37FCBBF5A1491C7646 BaseClass: NativeClass:/Script/Engine.StaticMeshActor Name:StaticMeshActor_UAID_047C164C6E2DAF4102_1452987940 Label:SM_Cube9 SpatiallyLoaded:1 Bounds:IsValid=true, Min=(X=2435.000 Y=98.938 Z=76.000), Max=(X=2760.000 Y=273.938 Z=101.000) RuntimeGrid:None EditorOnly:0 RuntimeOnly:0 HLODRelevant:1 ListedInSceneOutliner:1 IsMainWorldOnly:0
 |   |   |- Guid:9AD498164C0E59172896718CEF17C5CF BaseClass: NativeClass:/Script/Engine.StaticMeshActor Name:StaticMeshActor_UAID_047C164C6E2DB54102_2122593034 Label:SM_Cube38 SpatiallyLoaded:1 Bounds:IsValid=true, Min=(X=854.000 Y=806.417 Z=460.000), Max=(X=1329.000 Y=856.417 Z=1035.000) RuntimeGrid:None EditorOnly:0 RuntimeOnly:0 HLODRelevant:1 ListedInSceneOutliner:1 IsMainWorldOnly:0
 |   |   |- Guid:9C4CC12A43C4F52DE34DD4845B233E72 BaseClass: NativeClass:/Script/Engine.StaticMeshActor Name:StaticMeshActor_UAID_047C164C6E2DB64102_1198811214 Label:SM_Cube42 SpatiallyLoaded:1 Bounds:IsValid=true, Min=(X=341.000 Y=1765.417 Z=460.000), Max=(X=416.000 Y=1815.417 Z=1035.000) RuntimeGrid:None EditorOnly:0 RuntimeOnly:0 HLODRelevant:1 ListedInSceneOutliner:1 IsMainWorldOnly:0
 |   |   |- Guid:9DA7749A46203543D2EFA7B7363654A7 BaseClass: NativeClass:/Script/Engine.StaticMeshActor Name:StaticMeshActor_UAID_047C164C6E2DB54102_2054321031 Label:SM_Cube35 SpatiallyLoaded:1 Bounds:IsValid=true, Min=(X=277.000 Y=1766.417 Z=460.000), Max=(X=327.000 Y=2241.417 Z=1035.000) RuntimeGrid:None EditorOnly:0 RuntimeOnly:0 HLODRelevant:1 ListedInSceneOutliner:1 IsMainWorldOnly:0
 |   |   |- Guid:A903B8AC4F19522A0802999661695358 BaseClass: NativeClass:/Script/Engine.StaticMeshActor Name:StaticMeshActor_UAID_047C164C6E2DAF4102_1732484949 Label:SM_Cube18 SpatiallyLoaded:1 Bounds:IsValid=true, Min=(X=2729.500 Y=594.417 Z=291.000), Max=(X=2904.500 Y=894.417 Z=316.000) RuntimeGrid:None EditorOnly:0 RuntimeOnly:0 HLODRelevant:1 ListedInSceneOutliner:1 IsMainWorldOnly:0
 |   |   |- Guid:AECE9C6F49C202879265FC8E541330E4 BaseClass: NativeClass:/Script/Engine.StaticMeshActor Name:StaticMeshActor_UAID_047C164C6E2DB54102_1661103026 Label:SM_Cube31 SpatiallyLoaded:1 Bounds:IsValid=true, Min=(X=375.000 Y=2664.417 Z=453.000), Max=(X=425.000 Y=3439.417 Z=1028.000) RuntimeGrid:None EditorOnly:0 RuntimeOnly:0 HLODRelevant:1 ListedInSceneOutliner:1 IsMainWorldOnly:0
 |   |   |- Guid:B785ED2844B84CFB91E7F39FE661CD99 BaseClass: NativeClass:/Script/Engine.DirectionalLight Name:DirectionalLight_0 Label:DirectionalLight SpatiallyLoaded:0 Bounds:IsValid=true, Min=(X=-1048576.000 Y=-1048576.000 Z=-1048576.000), Max=(X=1048576.000 Y=1048576.000 Z=1048576.000) RuntimeGrid:None EditorOnly:0 RuntimeOnly:0 HLODRelevant:0 ListedInSceneOutliner:1 IsMainWorldOnly:0 FolderPath:Lighting FolderGuid:963EC3EB4002CCE9759E2EBA541A873A
 |   |   |- Guid:BC08B79C4EA3C961CFF75EBBE83B367D BaseClass: NativeClass:/Script/Engine.StaticMeshActor Name:StaticMeshActor_5 Label:SM_Cube2 SpatiallyLoaded:1 Bounds:IsValid=true, Min=(X=0.000 Y=0.000 Z=0.000), Max=(X=3000.000 Y=100.000 Z=400.000) RuntimeGrid:None EditorOnly:0 RuntimeOnly:0 HLODRelevant:1 ListedInSceneOutliner:1 IsMainWorldOnly:0 FolderPath:Playground FolderGuid:C73F09FC4215536B1DCE2A9E0A830C70
 |   |   |- Guid:C05EC19546E21B6B90EAD4B88A609DFF BaseClass: NativeClass:/Script/Engine.StaticMeshActor Name:StaticMeshActor_UAID_047C164C6E2DA64102_1233021352 Label:SM_Cube5 SpatiallyLoaded:1 Bounds:IsValid=true, Min=(X=25.000 Y=1284.000 Z=402.000), Max=(X=1825.000 Y=3459.000 Z=452.000) RuntimeGrid:None EditorOnly:0 RuntimeOnly:0 HLODRelevant:1 ListedInSceneOutliner:1 IsMainWorldOnly:0 FolderPath:Playground FolderGuid:C73F09FC4215536B1DCE2A9E0A830C70
 |   |   |- Guid:C17BAA484AF084BCD9662B8467457019 BaseClass: NativeClass:/Script/Engine.StaticMeshActor Name:StaticMeshActor_UAID_047C164C6E2DB64102_1230138215 Label:SM_Cube43 SpatiallyLoaded:1 Bounds:IsValid=true, Min=(X=708.000 Y=2678.000 Z=421.000), Max=(X=883.000 Y=2903.000 Z=671.000) RuntimeGrid:None EditorOnly:0 RuntimeOnly:0 HLODRelevant:1 ListedInSceneOutliner:1 IsMainWorldOnly:0
 |   |   |- Guid:C9C7CBF944ACF37B87DD57A1934CB6B0 BaseClass: NativeClass:/Script/Engine.StaticMeshActor Name:StaticMeshActor_UAID_047C164C6E2DAE4102_2000842761 Label:SM_Cube4 SpatiallyLoaded:1 Bounds:IsValid=true, Min=(X=2254.000 Y=99.667 Z=1.667), Max=(X=2379.000 Y=274.667 Z=26.667) RuntimeGrid:None EditorOnly:0 RuntimeOnly:0 HLODRelevant:1 ListedInSceneOutliner:1 IsMainWorldOnly:0
 |   |   |- Guid:CAE1EEEF4047366B1D57C8BABDAD839B BaseClass: NativeClass:/Script/Engine.StaticMeshActor Name:StaticMeshActor_UAID_047C164C6E2DAF4102_1100277939 Label:SM_Cube8 SpatiallyLoaded:1 Bounds:IsValid=true, Min=(X=2378.000 Y=98.938 Z=51.000), Max=(X=2703.000 Y=273.938 Z=76.000) RuntimeGrid:None EditorOnly:0 RuntimeOnly:0 HLODRelevant:1 ListedInSceneOutliner:1 IsMainWorldOnly:0
 |   |   |- Guid:CCD6D1EF41A44286B648D6B6F43A7981 BaseClass: NativeClass:/Script/Engine.StaticMeshActor Name:StaticMeshActor_UAID_047C164C6E2DB54102_2096961033 Label:SM_Cube37 SpatiallyLoaded:1 Bounds:IsValid=true, Min=(X=372.000 Y=1359.417 Z=460.000), Max=(X=847.000 Y=1409.417 Z=1035.000) RuntimeGrid:None EditorOnly:0 RuntimeOnly:0 HLODRelevant:1 ListedInSceneOutliner:1 IsMainWorldOnly:0
 |   |   |- Guid:CCFF262C46EEFFDF319E7F9539CE697E BaseClass: NativeClass:/Script/Engine.SkyAtmosphere Name:SkyAtmosphere_0 Label:SkyAtmosphere SpatiallyLoaded:0 Bounds:IsValid=true, Min=(X=0.000 Y=0.000 Z=1020.000), Max=(X=0.000 Y=0.000 Z=1020.000) RuntimeGrid:None EditorOnly:0 RuntimeOnly:0 HLODRelevant:0 ListedInSceneOutliner:1 IsMainWorldOnly:0 FolderPath:Lighting FolderGuid:963EC3EB4002CCE9759E2EBA541A873A
 |   |   |- Guid:D0ACF49C4DD8D43A4698608788E754B1 BaseClass: NativeClass:/Script/Engine.StaticMeshActor Name:StaticMeshActor_UAID_047C164C6E2DAF4102_1532728942 Label:SM_Cube11 SpatiallyLoaded:1 Bounds:IsValid=true, Min=(X=2554.000 Y=97.771 Z=125.000), Max=(X=2904.000 Y=272.771 Z=150.000) RuntimeGrid:None EditorOnly:0 RuntimeOnly:0 HLODRelevant:1 ListedInSceneOutliner:1 IsMainWorldOnly:0
 |   |   |- Guid:D1523FCA4DAAB26A2F24A69635A7ABF6 BaseClass: NativeClass:/Script/Engine.StaticMeshActor Name:StaticMeshActor_UAID_047C164C6E2DB54102_1248184017 Label:SM_Cube24 SpatiallyLoaded:1 Bounds:IsValid=true, Min=(X=435.000 Y=3184.417 Z=509.000), Max=(X=710.000 Y=3459.417 Z=584.000) RuntimeGrid:None EditorOnly:0 RuntimeOnly:0 HLODRelevant:1 ListedInSceneOutliner:1 IsMainWorldOnly:0
 |   |   |- Guid:E7E1A9E944DAB6D6E8381FAF92A62C3B BaseClass: NativeClass:/Script/Engine.StaticMeshActor Name:StaticMeshActor_UAID_047C164C6E2DAF4102_1673743945 Label:SM_Cube14 SpatiallyLoaded:1 Bounds:IsValid=true, Min=(X=2727.500 Y=349.417 Z=196.000), Max=(X=2902.500 Y=649.417 Z=221.000) RuntimeGrid:None EditorOnly:0 RuntimeOnly:0 HLODRelevant:1 ListedInSceneOutliner:1 IsMainWorldOnly:0
 |   |   |- Guid:E8AA42D345430D1BB0946FB0BEB28550 BaseClass: NativeClass:/Script/Engine.StaticMeshActor Name:StaticMeshActor_UAID_047C164C6E2DAF4102_1656954944 Label:SM_Cube13 SpatiallyLoaded:1 Bounds:IsValid=true, Min=(X=2727.000 Y=286.417 Z=171.000), Max=(X=2902.000 Y=586.417 Z=196.000) RuntimeGrid:None EditorOnly:0 RuntimeOnly:0 HLODRelevant:1 ListedInSceneOutliner:1 IsMainWorldOnly:0
 |   |   |- Guid:E910BC9C47F573D4290AD08EE0F05CA2 BaseClass: NativeClass:/Script/Engine.StaticMeshActor Name:StaticMeshActor_UAID_047C164C6E2DB64102_1141567212 Label:SM_Cube40 SpatiallyLoaded:1 Bounds:IsValid=true, Min=(X=139.000 Y=2191.417 Z=460.000), Max=(X=314.000 Y=2241.417 Z=1035.000) RuntimeGrid:None EditorOnly:0 RuntimeOnly:0 HLODRelevant:1 ListedInSceneOutliner:1 IsMainWorldOnly:0
 |   |   |- Guid:EC4E0C944CE6AC6E784BC6BB2916EA13 BaseClass: NativeClass:/Script/Engine.StaticMeshActor Name:StaticMeshActor_UAID_A4AE111137DC5EFB00_1110535423 Label:SM_SkySphere SpatiallyLoaded:0 Bounds:IsValid=true, Min=(X=-1638400.000 Y=-1638400.000 Z=-1638400.000), Max=(X=1638400.000 Y=1638400.000 Z=1638400.000) RuntimeGrid:None EditorOnly:0 RuntimeOnly:0 HLODRelevant:1 ListedInSceneOutliner:1 IsMainWorldOnly:0 FolderPath:Lighting FolderGuid:963EC3EB4002CCE9759E2EBA541A873A
 |   |   |- Guid:F1924B8D48954B30891B2DB6A694F9CC BaseClass: NativeClass:/Script/Engine.StaticMeshActor Name:StaticMeshActor_1 Label:SM_Cube SpatiallyLoaded:1 Bounds:IsValid=true, Min=(X=0.000 Y=0.000 Z=-50.000), Max=(X=3000.000 Y=3500.000 Z=0.000) RuntimeGrid:None EditorOnly:0 RuntimeOnly:0 HLODRelevant:1 ListedInSceneOutliner:1 IsMainWorldOnly:0 FolderPath:Playground FolderGuid:C73F09FC4215536B1DCE2A9E0A830C70
 |   |   |- Guid:F4073E044A244848DFCC089B937182F5 BaseClass: NativeClass:/Script/Engine.StaticMeshActor Name:StaticMeshActor_UAID_047C164C6E2DB54102_1465934022 Label:SM_Cube28 SpatiallyLoaded:1 Bounds:IsValid=true, Min=(X=433.000 Y=2739.417 Z=621.000), Max=(X=708.000 Y=3114.417 Z=671.000) RuntimeGrid:None EditorOnly:0 RuntimeOnly:0 HLODRelevant:1 ListedInSceneOutliner:1 IsMainWorldOnly:0
 |   |   |- Guid:F5E3FEB3450C49844FD93DA8E083C8AD BaseClass: NativeClass:/Script/Engine.PostProcessVolume Name:PostProcessVolume_0 Label:PostProcessVolume SpatiallyLoaded:0 Bounds:IsValid=true, Min=(X=0.000 Y=0.000 Z=400.000), Max=(X=200.000 Y=200.000 Z=600.000) RuntimeGrid:None EditorOnly:0 RuntimeOnly:0 HLODRelevant:0 ListedInSceneOutliner:1 IsMainWorldOnly:0 FolderPath:Lighting FolderGuid:963EC3EB4002CCE9759E2EBA541A873A
 |   |   |- Guid:FD9F05B14633EE4554343D900C2973CA BaseClass: NativeClass:/Script/Engine.StaticMeshActor Name:StaticMeshActor_UAID_047C164C6E2DAF4102_2083225953 Label:SM_Cube22 SpatiallyLoaded:1 Bounds:IsValid=true, Min=(X=2732.000 Y=844.417 Z=388.000), Max=(X=2907.000 Y=1144.417 Z=413.000) RuntimeGrid:None EditorOnly:0 RuntimeOnly:0 HLODRelevant:1 ListedInSceneOutliner:1 IsMainWorldOnly:0
 |   |   |- Guid:FDBF416A454C9067999501A4E6872386 BaseClass: NativeClass:/Script/Engine.StaticMeshActor Name:StaticMeshActor_UAID_047C164C6E2DB54102_1900758028 Label:SM_Cube32 SpatiallyLoaded:1 Bounds:IsValid=true, Min=(X=834.000 Y=773.417 Z=460.000), Max=(X=884.000 Y=1423.417 Z=1035.000) RuntimeGrid:None EditorOnly:0 RuntimeOnly:0 HLODRelevant:1 ListedInSceneOutliner:1 IsMainWorldOnly:0
 |   |   |- Guid:FF698C67459ADB4982D7759C0905EE9F BaseClass: NativeClass:/Script/Engine.StaticMeshActor Name:StaticMeshActor_6 Label:SM_Cube3 SpatiallyLoaded:1 Bounds:IsValid=true, Min=(X=0.000 Y=3400.000 Z=0.000), Max=(X=3000.000 Y=3500.000 Z=400.000) RuntimeGrid:None EditorOnly:0 RuntimeOnly:0 HLODRelevant:1 ListedInSceneOutliner:1 IsMainWorldOnly:0 FolderPath:Playground FolderGuid:C73F09FC4215536B1DCE2A9E0A830C70
 |   |- [+] Clusters:
 |   |   |- [+] [  0]
 |   |   |   |- Guid:0082E1AA4B4D45F552535E83E9F1D47D BaseClass: NativeClass:/Script/Engine.StaticMeshActor Name:StaticMeshActor_UAID_047C164C6E2DAF4102_1742963950 Label:SM_Cube19 SpatiallyLoaded:1 Bounds:IsValid=true, Min=(X=2730.000 Y=658.417 Z=315.000), Max=(X=2905.000 Y=958.417 Z=340.000) RuntimeGrid:None EditorOnly:0 RuntimeOnly:0 HLODRelevant:1 ListedInSceneOutliner:1 IsMainWorldOnly:0
 |   |   |- [+] [  1]
 |   |   |   |- Guid:0360E18D4E9A0AD9DDE6F4BDCBA8FC1D BaseClass: NativeClass:/Script/Engine.StaticMeshActor Name:StaticMeshActor_UAID_047C164C6E2DB54102_1280655018 Label:SM_Cube25 SpatiallyLoaded:1 Bounds:IsValid=true, Min=(X=433.000 Y=2826.417 Z=439.000), Max=(X=708.000 Y=3201.417 Z=614.000) RuntimeGrid:None EditorOnly:0 RuntimeOnly:0 HLODRelevant:1 ListedInSceneOutliner:1 IsMainWorldOnly:0
 |   |   |- [+] [  2]
 |   |   |   |- Guid:202BE72C4BC07DF751C6B483D81C801F BaseClass: NativeClass:/Script/Engine.StaticMeshActor Name:StaticMeshActor_UAID_047C164C6E2DAF4102_1759868951 Label:SM_Cube20 SpatiallyLoaded:1 Bounds:IsValid=true, Min=(X=2730.500 Y=723.417 Z=339.000), Max=(X=2905.500 Y=1023.417 Z=364.000) RuntimeGrid:None EditorOnly:0 RuntimeOnly:0 HLODRelevant:1 ListedInSceneOutliner:1 IsMainWorldOnly:0
 |   |   |- [+] [  3]
 |   |   |   |- Guid:205033C3460C28F344199DAACB6B9F0C BaseClass: NativeClass:/Script/Engine.StaticMeshActor Name:StaticMeshActor_UAID_047C164C6E2DB54102_1958929029 Label:SM_Cube33 SpatiallyLoaded:1 Bounds:IsValid=true, Min=(X=1298.000 Y=773.417 Z=460.000), Max=(X=1348.000 Y=1423.417 Z=1035.000) RuntimeGrid:None EditorOnly:0 RuntimeOnly:0 HLODRelevant:1 ListedInSceneOutliner:1 IsMainWorldOnly:0
 |   |   |- [+] [  4]
 |   |   |   |- Guid:2273787D454F7394654E7DA698B8BAFA BaseClass: NativeClass:/Script/Engine.StaticMeshActor Name:StaticMeshActor_UAID_047C164C6E2DB54102_2030525030 Label:SM_Cube34 SpatiallyLoaded:1 Bounds:IsValid=true, Min=(X=370.000 Y=1378.417 Z=460.000), Max=(X=420.000 Y=1778.417 Z=1035.000) RuntimeGrid:None EditorOnly:0 RuntimeOnly:0 HLODRelevant:1 ListedInSceneOutliner:1 IsMainWorldOnly:0
 |   |   |- [+] [  5]
 |   |   |   |- Guid:23CA411D440D2C7AD07C04929264A397 BaseClass: NativeClass:/Script/Engine.StaticMeshActor Name:StaticMeshActor_UAID_047C164C6E2DAF4102_1712963948 Label:SM_Cube17 SpatiallyLoaded:1 Bounds:IsValid=true, Min=(X=2729.000 Y=533.417 Z=268.000), Max=(X=2904.000 Y=833.417 Z=293.000) RuntimeGrid:None EditorOnly:0 RuntimeOnly:0 HLODRelevant:1 ListedInSceneOutliner:1 IsMainWorldOnly:0
 |   |   |- [+] [  6]
 |   |   |   |- Guid:251B27274D41FB80838B2DA893922CF6 BaseClass: NativeClass:/Script/Engine.StaticMeshActor Name:StaticMeshActor_UAID_047C164C6E2DB54102_1438975020 Label:SM_Cube27 SpatiallyLoaded:1 Bounds:IsValid=true, Min=(X=433.000 Y=2789.417 Z=602.000), Max=(X=708.000 Y=3164.417 Z=652.000) RuntimeGrid:None EditorOnly:0 RuntimeOnly:0 HLODRelevant:1 ListedInSceneOutliner:1 IsMainWorldOnly:0
 |   |   |- [+] [  7]
 |   |   |   |- Guid:263A1FA648CDAF28232487A2F529E3A1 BaseClass: NativeClass:/Script/Engine.StaticMeshActor Name:StaticMeshActor_UAID_047C164C6E2DB34102_2027272664 Label:Blockout_ER_2 SpatiallyLoaded:1 Bounds:IsValid=true, Min=(X=106.844 Y=838.444 Z=441.767), Max=(X=1825.881 Y=3459.535 Z=1041.007) RuntimeGrid:None EditorOnly:0 RuntimeOnly:0 HLODRelevant:1 ListedInSceneOutliner:1 IsMainWorldOnly:0
 |   |   |- [+] [  8]
 |   |   |   |- Guid:263C049D4EB9CD8E71D61BAED8A917DD BaseClass: NativeClass:/Script/Engine.StaticMeshActor Name:StaticMeshActor_UAID_047C164C6E2DAF4102_1478971941 Label:SM_Cube10 SpatiallyLoaded:1 Bounds:IsValid=true, Min=(X=2492.000 Y=98.354 Z=100.000), Max=(X=2817.000 Y=273.354 Z=125.000) RuntimeGrid:None EditorOnly:0 RuntimeOnly:0 HLODRelevant:1 ListedInSceneOutliner:1 IsMainWorldOnly:0
 |   |   |- [+] [  9]
 |   |   |   |- Guid:2FB58999456391D349DC0F86DAC136ED BaseClass: NativeClass:/Script/Engine.SkyLight Name:SkyLight_1 Label:SkyLight SpatiallyLoaded:0 Bounds:IsValid=true, Min=(X=0.000 Y=0.000 Z=690.000), Max=(X=0.000 Y=0.000 Z=690.000) RuntimeGrid:None EditorOnly:0 RuntimeOnly:0 HLODRelevant:0 ListedInSceneOutliner:1 IsMainWorldOnly:0 FolderPath:Lighting FolderGuid:963EC3EB4002CCE9759E2EBA541A873A
 |   |   |- [+] [ 10]
 |   |   |   |- Guid:316CF2A6494ACA4C0E4180A87D36AB8F BaseClass: NativeClass:/Script/Engine.ExponentialHeightFog Name:ExponentialHeightFog_0 Label:ExponentialHeightFog SpatiallyLoaded:0 Bounds:IsValid=true, Min=(X=-5600.000 Y=-50.000 Z=-6850.000), Max=(X=-5600.000 Y=-50.000 Z=-6850.000) RuntimeGrid:None EditorOnly:0 RuntimeOnly:0 HLODRelevant:0 ListedInSceneOutliner:1 IsMainWorldOnly:0 FolderPath:Lighting FolderGuid:963EC3EB4002CCE9759E2EBA541A873A
 |   |   |- [+] [ 11]
 |   |   |   |- Guid:3A00AA1C422CE54C0BDB60BAF471BFBB BaseClass: NativeClass:/Script/Engine.PlayerStart Name:PlayerStart_0 Label:PlayerStart SpatiallyLoaded:0 Bounds:IsValid=true, Min=(X=1764.000 Y=3102.000 Z=724.013), Max=(X=1844.000 Y=3182.000 Z=908.013) RuntimeGrid:None EditorOnly:0 RuntimeOnly:0 HLODRelevant:0 ListedInSceneOutliner:1 IsMainWorldOnly:0
 |   |   |- [+] [ 12]
 |   |   |   |- Guid:3F446176485FC8A50FA19C9BE7F98AAC BaseClass: NativeClass:/Script/Engine.StaticMeshActor Name:StaticMeshActor_UAID_047C164C6E2DB54102_1641534025 Label:SM_Cube30 SpatiallyLoaded:1 Bounds:IsValid=true, Min=(X=355.000 Y=1391.417 Z=453.000), Max=(X=1830.000 Y=1441.417 Z=653.000) RuntimeGrid:None EditorOnly:0 RuntimeOnly:0 HLODRelevant:1 ListedInSceneOutliner:1 IsMainWorldOnly:0
 |   |   |- [+] [ 13]
 |   |   |   |- Guid:43815E84492231AFC407F59E3C28176B BaseClass: NativeClass:/Script/Engine.StaticMeshActor Name:StaticMeshActor_4 Label:SM_Cube6 SpatiallyLoaded:1 Bounds:IsValid=true, Min=(X=2900.000 Y=100.000 Z=0.000), Max=(X=3000.000 Y=3400.000 Z=400.000) RuntimeGrid:None EditorOnly:0 RuntimeOnly:0 HLODRelevant:1 ListedInSceneOutliner:1 IsMainWorldOnly:0 FolderPath:Playground FolderGuid:C73F09FC4215536B1DCE2A9E0A830C70
 |   |   |- [+] [ 14]
 |   |   |   |- Guid:490A527043D3133935EEB6A9551BC36E BaseClass: NativeClass:/Script/Engine.StaticMeshActor Name:StaticMeshActor_UAID_047C164C6E2DAF4102_1772123952 Label:SM_Cube21 SpatiallyLoaded:1 Bounds:IsValid=true, Min=(X=2731.000 Y=785.417 Z=363.000), Max=(X=2906.000 Y=1085.417 Z=388.000) RuntimeGrid:None EditorOnly:0 RuntimeOnly:0 HLODRelevant:1 ListedInSceneOutliner:1 IsMainWorldOnly:0
 |   |   |- [+] [ 15]
 |   |   |   |- Guid:49BD3B4F466C56CB6F85F0B2428231AD BaseClass: NativeClass:/Script/Engine.StaticMeshActor Name:StaticMeshActor_UAID_047C164C6E2DAF4102_1633410943 Label:SM_Cube12 SpatiallyLoaded:1 Bounds:IsValid=true, Min=(X=2726.500 Y=224.417 Z=149.000), Max=(X=2901.500 Y=524.417 Z=174.000) RuntimeGrid:None EditorOnly:0 RuntimeOnly:0 HLODRelevant:1 ListedInSceneOutliner:1 IsMainWorldOnly:0
 |   |   |- [+] [ 16]
 |   |   |   |- Guid:4D3BE93F4146AAAC8BBE79999D96D57F BaseClass: NativeClass:/Script/Engine.VolumetricCloud Name:VolumetricCloud_0 Label:VolumetricCloud SpatiallyLoaded:0 Bounds:IsValid=true, Min=(X=0.000 Y=0.000 Z=820.000), Max=(X=0.000 Y=0.000 Z=820.000) RuntimeGrid:None EditorOnly:0 RuntimeOnly:0 HLODRelevant:0 ListedInSceneOutliner:1 IsMainWorldOnly:0 FolderPath:Lighting FolderGuid:963EC3EB4002CCE9759E2EBA541A873A
 |   |   |- [+] [ 17]
 |   |   |   |- Guid:4E6F6AA64E38DD4DC9633D99BDF2B7CF BaseClass: NativeClass:/Script/Engine.StaticMeshActor Name:StaticMeshActor_UAID_047C164C6E2DAF4102_1683254946 Label:SM_Cube15 SpatiallyLoaded:1 Bounds:IsValid=true, Min=(X=2728.000 Y=411.417 Z=220.000), Max=(X=2903.000 Y=711.417 Z=245.000) RuntimeGrid:None EditorOnly:0 RuntimeOnly:0 HLODRelevant:1 ListedInSceneOutliner:1 IsMainWorldOnly:0
 |   |   |- [+] [ 18]
 |   |   |   |- Guid:514B60CA48986BE53C4484BD2F24BCB5 BaseClass: NativeClass:/Script/Engine.StaticMeshActor Name:StaticMeshActor_UAID_047C164C6E2DAF4102_2102995954 Label:SM_Cube23 SpatiallyLoaded:1 Bounds:IsValid=true, Min=(X=434.000 Y=3187.417 Z=447.000), Max=(X=809.000 Y=3462.417 Z=522.000) RuntimeGrid:None EditorOnly:0 RuntimeOnly:0 HLODRelevant:1 ListedInSceneOutliner:1 IsMainWorldOnly:0
 |   |   |- [+] [ 19]
 |   |   |   |- Guid:55B992294D1A1D7AAA4C1686523C793C BaseClass: NativeClass:/Script/Engine.StaticMeshActor Name:StaticMeshActor_UAID_047C164C6E2DB54102_1416355019 Label:SM_Cube26 SpatiallyLoaded:1 Bounds:IsValid=true, Min=(X=584.000 Y=3185.417 Z=476.000), Max=(X=759.000 Y=3460.417 Z=551.000) RuntimeGrid:None EditorOnly:0 RuntimeOnly:0 HLODRelevant:1 ListedInSceneOutliner:1 IsMainWorldOnly:0
 |   |   |- [+] [ 20]
 |   |   |   |- Guid:66602C394D945B816439E681B44B8D5B BaseClass: NativeClass:/Script/Engine.StaticMeshActor Name:StaticMeshActor_UAID_047C164C6E2DB54102_1601517024 Label:SM_Cube29 SpatiallyLoaded:1 Bounds:IsValid=true, Min=(X=1105.000 Y=2648.417 Z=453.000), Max=(X=1830.000 Y=2698.417 Z=653.000) RuntimeGrid:None EditorOnly:0 RuntimeOnly:0 HLODRelevant:1 ListedInSceneOutliner:1 IsMainWorldOnly:0
 |   |   |- [+] [ 21]
 |   |   |   |- Guid:6BA560A9419C596497C7A8B355218C97 BaseClass: NativeClass:/Script/Engine.StaticMeshActor Name:StaticMeshActor_UAID_047C164C6E2DB64102_1175137213 Label:SM_Cube41 SpatiallyLoaded:1 Bounds:IsValid=true, Min=(X=90.000 Y=2665.417 Z=460.000), Max=(X=415.000 Y=2715.417 Z=1035.000) RuntimeGrid:None EditorOnly:0 RuntimeOnly:0 HLODRelevant:1 ListedInSceneOutliner:1 IsMainWorldOnly:0
 |   |   |- [+] [ 22]
 |   |   |   |- Guid:6BAF4DDD444C60371492D3919DB42C97 BaseClass: NativeClass:/Script/Engine.WorldDataLayers Name:WorldDataLayers Label:WorldDataLayers SpatiallyLoaded:0 Bounds:IsValid=true, Min=(X=0.000 Y=0.000 Z=0.000), Max=(X=0.000 Y=0.000 Z=0.000) RuntimeGrid:None EditorOnly:0 RuntimeOnly:0 HLODRelevant:0 ListedInSceneOutliner:1 IsMainWorldOnly:1
 |   |   |- [+] [ 23]
 |   |   |   |- Guid:7668844D41639365EC5072A98646367F BaseClass: NativeClass:/Script/Engine.StaticMeshActor Name:StaticMeshActor_UAID_047C164C6E2DAE4102_2069283762 Label:SM_Cube7 SpatiallyLoaded:1 Bounds:IsValid=true, Min=(X=2316.000 Y=99.521 Z=26.000), Max=(X=2441.000 Y=274.521 Z=51.000) RuntimeGrid:None EditorOnly:0 RuntimeOnly:0 HLODRelevant:1 ListedInSceneOutliner:1 IsMainWorldOnly:0
 |   |   |- [+] [ 24]
 |   |   |   |- Guid:7875500D48B5F96DED690B90BCD629A5 BaseClass: NativeClass:/Script/Engine.StaticMeshActor Name:StaticMeshActor_UAID_047C164C6E2DB54102_2076123032 Label:SM_Cube36 SpatiallyLoaded:1 Bounds:IsValid=true, Min=(X=89.000 Y=2192.417 Z=460.000), Max=(X=139.000 Y=2667.417 Z=1035.000) RuntimeGrid:None EditorOnly:0 RuntimeOnly:0 HLODRelevant:1 ListedInSceneOutliner:1 IsMainWorldOnly:0
 |   |   |- [+] [ 25]
 |   |   |   |- Guid:86CBEF854AA1A8A5AE19AEB83A2E76E6 BaseClass: NativeClass:/Script/Engine.StaticMeshActor Name:StaticMeshActor_UAID_047C164C6E2DB64102_1338788216 Label:SM_Cube44 SpatiallyLoaded:1 Bounds:IsValid=true, Min=(X=25.000 Y=723.000 Z=621.000), Max=(X=1825.000 Y=2498.000 Z=671.000) RuntimeGrid:None EditorOnly:0 RuntimeOnly:0 HLODRelevant:1 ListedInSceneOutliner:1 IsMainWorldOnly:0 FolderPath:Playground FolderGuid:C73F09FC4215536B1DCE2A9E0A830C70
 |   |   |- [+] [ 26]
 |   |   |   |- Guid:8939C9AB4FA0844AD70719B5D55724F6 BaseClass: NativeClass:/Script/Engine.StaticMeshActor Name:StaticMeshActor_UAID_047C164C6E2DB54102_2135867035 Label:SM_Cube39 SpatiallyLoaded:1 Bounds:IsValid=true, Min=(X=1302.000 Y=1363.417 Z=460.000), Max=(X=1827.000 Y=1413.417 Z=1035.000) RuntimeGrid:None EditorOnly:0 RuntimeOnly:0 HLODRelevant:1 ListedInSceneOutliner:1 IsMainWorldOnly:0
 |   |   |- [+] [ 27]
 |   |   |   |- Guid:8F091C8A4B78D326C65725AD32F827F1 BaseClass: NativeClass:/Script/Engine.StaticMeshActor Name:StaticMeshActor_UAID_047C164C6E2DAF4102_1703693947 Label:SM_Cube16 SpatiallyLoaded:1 Bounds:IsValid=true, Min=(X=2728.500 Y=471.417 Z=244.000), Max=(X=2903.500 Y=771.417 Z=269.000) RuntimeGrid:None EditorOnly:0 RuntimeOnly:0 HLODRelevant:1 ListedInSceneOutliner:1 IsMainWorldOnly:0
 |   |   |- [+] [ 28]
 |   |   |   |- Guid:935D586B4FCE4D37FCBBF5A1491C7646 BaseClass: NativeClass:/Script/Engine.StaticMeshActor Name:StaticMeshActor_UAID_047C164C6E2DAF4102_1452987940 Label:SM_Cube9 SpatiallyLoaded:1 Bounds:IsValid=true, Min=(X=2435.000 Y=98.938 Z=76.000), Max=(X=2760.000 Y=273.938 Z=101.000) RuntimeGrid:None EditorOnly:0 RuntimeOnly:0 HLODRelevant:1 ListedInSceneOutliner:1 IsMainWorldOnly:0
 |   |   |- [+] [ 29]
 |   |   |   |- Guid:9AD498164C0E59172896718CEF17C5CF BaseClass: NativeClass:/Script/Engine.StaticMeshActor Name:StaticMeshActor_UAID_047C164C6E2DB54102_2122593034 Label:SM_Cube38 SpatiallyLoaded:1 Bounds:IsValid=true, Min=(X=854.000 Y=806.417 Z=460.000), Max=(X=1329.000 Y=856.417 Z=1035.000) RuntimeGrid:None EditorOnly:0 RuntimeOnly:0 HLODRelevant:1 ListedInSceneOutliner:1 IsMainWorldOnly:0
 |   |   |- [+] [ 30]
 |   |   |   |- Guid:9C4CC12A43C4F52DE34DD4845B233E72 BaseClass: NativeClass:/Script/Engine.StaticMeshActor Name:StaticMeshActor_UAID_047C164C6E2DB64102_1198811214 Label:SM_Cube42 SpatiallyLoaded:1 Bounds:IsValid=true, Min=(X=341.000 Y=1765.417 Z=460.000), Max=(X=416.000 Y=1815.417 Z=1035.000) RuntimeGrid:None EditorOnly:0 RuntimeOnly:0 HLODRelevant:1 ListedInSceneOutliner:1 IsMainWorldOnly:0
 |   |   |- [+] [ 31]
 |   |   |   |- Guid:9DA7749A46203543D2EFA7B7363654A7 BaseClass: NativeClass:/Script/Engine.StaticMeshActor Name:StaticMeshActor_UAID_047C164C6E2DB54102_2054321031 Label:SM_Cube35 SpatiallyLoaded:1 Bounds:IsValid=true, Min=(X=277.000 Y=1766.417 Z=460.000), Max=(X=327.000 Y=2241.417 Z=1035.000) RuntimeGrid:None EditorOnly:0 RuntimeOnly:0 HLODRelevant:1 ListedInSceneOutliner:1 IsMainWorldOnly:0
 |   |   |- [+] [ 32]
 |   |   |   |- Guid:A903B8AC4F19522A0802999661695358 BaseClass: NativeClass:/Script/Engine.StaticMeshActor Name:StaticMeshActor_UAID_047C164C6E2DAF4102_1732484949 Label:SM_Cube18 SpatiallyLoaded:1 Bounds:IsValid=true, Min=(X=2729.500 Y=594.417 Z=291.000), Max=(X=2904.500 Y=894.417 Z=316.000) RuntimeGrid:None EditorOnly:0 RuntimeOnly:0 HLODRelevant:1 ListedInSceneOutliner:1 IsMainWorldOnly:0
 |   |   |- [+] [ 33]
 |   |   |   |- Guid:AECE9C6F49C202879265FC8E541330E4 BaseClass: NativeClass:/Script/Engine.StaticMeshActor Name:StaticMeshActor_UAID_047C164C6E2DB54102_1661103026 Label:SM_Cube31 SpatiallyLoaded:1 Bounds:IsValid=true, Min=(X=375.000 Y=2664.417 Z=453.000), Max=(X=425.000 Y=3439.417 Z=1028.000) RuntimeGrid:None EditorOnly:0 RuntimeOnly:0 HLODRelevant:1 ListedInSceneOutliner:1 IsMainWorldOnly:0
 |   |   |- [+] [ 34]
 |   |   |   |- Guid:B785ED2844B84CFB91E7F39FE661CD99 BaseClass: NativeClass:/Script/Engine.DirectionalLight Name:DirectionalLight_0 Label:DirectionalLight SpatiallyLoaded:0 Bounds:IsValid=true, Min=(X=-1048576.000 Y=-1048576.000 Z=-1048576.000), Max=(X=1048576.000 Y=1048576.000 Z=1048576.000) RuntimeGrid:None EditorOnly:0 RuntimeOnly:0 HLODRelevant:0 ListedInSceneOutliner:1 IsMainWorldOnly:0 FolderPath:Lighting FolderGuid:963EC3EB4002CCE9759E2EBA541A873A
 |   |   |- [+] [ 35]
 |   |   |   |- Guid:BC08B79C4EA3C961CFF75EBBE83B367D BaseClass: NativeClass:/Script/Engine.StaticMeshActor Name:StaticMeshActor_5 Label:SM_Cube2 SpatiallyLoaded:1 Bounds:IsValid=true, Min=(X=0.000 Y=0.000 Z=0.000), Max=(X=3000.000 Y=100.000 Z=400.000) RuntimeGrid:None EditorOnly:0 RuntimeOnly:0 HLODRelevant:1 ListedInSceneOutliner:1 IsMainWorldOnly:0 FolderPath:Playground FolderGuid:C73F09FC4215536B1DCE2A9E0A830C70
 |   |   |- [+] [ 36]
 |   |   |   |- Guid:C05EC19546E21B6B90EAD4B88A609DFF BaseClass: NativeClass:/Script/Engine.StaticMeshActor Name:StaticMeshActor_UAID_047C164C6E2DA64102_1233021352 Label:SM_Cube5 SpatiallyLoaded:1 Bounds:IsValid=true, Min=(X=25.000 Y=1284.000 Z=402.000), Max=(X=1825.000 Y=3459.000 Z=452.000) RuntimeGrid:None EditorOnly:0 RuntimeOnly:0 HLODRelevant:1 ListedInSceneOutliner:1 IsMainWorldOnly:0 FolderPath:Playground FolderGuid:C73F09FC4215536B1DCE2A9E0A830C70
 |   |   |- [+] [ 37]
 |   |   |   |- Guid:C17BAA484AF084BCD9662B8467457019 BaseClass: NativeClass:/Script/Engine.StaticMeshActor Name:StaticMeshActor_UAID_047C164C6E2DB64102_1230138215 Label:SM_Cube43 SpatiallyLoaded:1 Bounds:IsValid=true, Min=(X=708.000 Y=2678.000 Z=421.000), Max=(X=883.000 Y=2903.000 Z=671.000) RuntimeGrid:None EditorOnly:0 RuntimeOnly:0 HLODRelevant:1 ListedInSceneOutliner:1 IsMainWorldOnly:0
 |   |   |- [+] [ 38]
 |   |   |   |- Guid:C9C7CBF944ACF37B87DD57A1934CB6B0 BaseClass: NativeClass:/Script/Engine.StaticMeshActor Name:StaticMeshActor_UAID_047C164C6E2DAE4102_2000842761 Label:SM_Cube4 SpatiallyLoaded:1 Bounds:IsValid=true, Min=(X=2254.000 Y=99.667 Z=1.667), Max=(X=2379.000 Y=274.667 Z=26.667) RuntimeGrid:None EditorOnly:0 RuntimeOnly:0 HLODRelevant:1 ListedInSceneOutliner:1 IsMainWorldOnly:0
 |   |   |- [+] [ 39]
 |   |   |   |- Guid:CAE1EEEF4047366B1D57C8BABDAD839B BaseClass: NativeClass:/Script/Engine.StaticMeshActor Name:StaticMeshActor_UAID_047C164C6E2DAF4102_1100277939 Label:SM_Cube8 SpatiallyLoaded:1 Bounds:IsValid=true, Min=(X=2378.000 Y=98.938 Z=51.000), Max=(X=2703.000 Y=273.938 Z=76.000) RuntimeGrid:None EditorOnly:0 RuntimeOnly:0 HLODRelevant:1 ListedInSceneOutliner:1 IsMainWorldOnly:0
 |   |   |- [+] [ 40]
 |   |   |   |- Guid:CCD6D1EF41A44286B648D6B6F43A7981 BaseClass: NativeClass:/Script/Engine.StaticMeshActor Name:StaticMeshActor_UAID_047C164C6E2DB54102_2096961033 Label:SM_Cube37 SpatiallyLoaded:1 Bounds:IsValid=true, Min=(X=372.000 Y=1359.417 Z=460.000), Max=(X=847.000 Y=1409.417 Z=1035.000) RuntimeGrid:None EditorOnly:0 RuntimeOnly:0 HLODRelevant:1 ListedInSceneOutliner:1 IsMainWorldOnly:0
 |   |   |- [+] [ 41]
 |   |   |   |- Guid:CCFF262C46EEFFDF319E7F9539CE697E BaseClass: NativeClass:/Script/Engine.SkyAtmosphere Name:SkyAtmosphere_0 Label:SkyAtmosphere SpatiallyLoaded:0 Bounds:IsValid=true, Min=(X=0.000 Y=0.000 Z=1020.000), Max=(X=0.000 Y=0.000 Z=1020.000) RuntimeGrid:None EditorOnly:0 RuntimeOnly:0 HLODRelevant:0 ListedInSceneOutliner:1 IsMainWorldOnly:0 FolderPath:Lighting FolderGuid:963EC3EB4002CCE9759E2EBA541A873A
 |   |   |- [+] [ 42]
 |   |   |   |- Guid:D0ACF49C4DD8D43A4698608788E754B1 BaseClass: NativeClass:/Script/Engine.StaticMeshActor Name:StaticMeshActor_UAID_047C164C6E2DAF4102_1532728942 Label:SM_Cube11 SpatiallyLoaded:1 Bounds:IsValid=true, Min=(X=2554.000 Y=97.771 Z=125.000), Max=(X=2904.000 Y=272.771 Z=150.000) RuntimeGrid:None EditorOnly:0 RuntimeOnly:0 HLODRelevant:1 ListedInSceneOutliner:1 IsMainWorldOnly:0
 |   |   |- [+] [ 43]
 |   |   |   |- Guid:D1523FCA4DAAB26A2F24A69635A7ABF6 BaseClass: NativeClass:/Script/Engine.StaticMeshActor Name:StaticMeshActor_UAID_047C164C6E2DB54102_1248184017 Label:SM_Cube24 SpatiallyLoaded:1 Bounds:IsValid=true, Min=(X=435.000 Y=3184.417 Z=509.000), Max=(X=710.000 Y=3459.417 Z=584.000) RuntimeGrid:None EditorOnly:0 RuntimeOnly:0 HLODRelevant:1 ListedInSceneOutliner:1 IsMainWorldOnly:0
 |   |   |- [+] [ 44]
 |   |   |   |- Guid:E7E1A9E944DAB6D6E8381FAF92A62C3B BaseClass: NativeClass:/Script/Engine.StaticMeshActor Name:StaticMeshActor_UAID_047C164C6E2DAF4102_1673743945 Label:SM_Cube14 SpatiallyLoaded:1 Bounds:IsValid=true, Min=(X=2727.500 Y=349.417 Z=196.000), Max=(X=2902.500 Y=649.417 Z=221.000) RuntimeGrid:None EditorOnly:0 RuntimeOnly:0 HLODRelevant:1 ListedInSceneOutliner:1 IsMainWorldOnly:0
 |   |   |- [+] [ 45]
 |   |   |   |- Guid:E8AA42D345430D1BB0946FB0BEB28550 BaseClass: NativeClass:/Script/Engine.StaticMeshActor Name:StaticMeshActor_UAID_047C164C6E2DAF4102_1656954944 Label:SM_Cube13 SpatiallyLoaded:1 Bounds:IsValid=true, Min=(X=2727.000 Y=286.417 Z=171.000), Max=(X=2902.000 Y=586.417 Z=196.000) RuntimeGrid:None EditorOnly:0 RuntimeOnly:0 HLODRelevant:1 ListedInSceneOutliner:1 IsMainWorldOnly:0
 |   |   |- [+] [ 46]
 |   |   |   |- Guid:E910BC9C47F573D4290AD08EE0F05CA2 BaseClass: NativeClass:/Script/Engine.StaticMeshActor Name:StaticMeshActor_UAID_047C164C6E2DB64102_1141567212 Label:SM_Cube40 SpatiallyLoaded:1 Bounds:IsValid=true, Min=(X=139.000 Y=2191.417 Z=460.000), Max=(X=314.000 Y=2241.417 Z=1035.000) RuntimeGrid:None EditorOnly:0 RuntimeOnly:0 HLODRelevant:1 ListedInSceneOutliner:1 IsMainWorldOnly:0
 |   |   |- [+] [ 47]
 |   |   |   |- Guid:EC4E0C944CE6AC6E784BC6BB2916EA13 BaseClass: NativeClass:/Script/Engine.StaticMeshActor Name:StaticMeshActor_UAID_A4AE111137DC5EFB00_1110535423 Label:SM_SkySphere SpatiallyLoaded:0 Bounds:IsValid=true, Min=(X=-1638400.000 Y=-1638400.000 Z=-1638400.000), Max=(X=1638400.000 Y=1638400.000 Z=1638400.000) RuntimeGrid:None EditorOnly:0 RuntimeOnly:0 HLODRelevant:1 ListedInSceneOutliner:1 IsMainWorldOnly:0 FolderPath:Lighting FolderGuid:963EC3EB4002CCE9759E2EBA541A873A
 |   |   |- [+] [ 48]
 |   |   |   |- Guid:F1924B8D48954B30891B2DB6A694F9CC BaseClass: NativeClass:/Script/Engine.StaticMeshActor Name:StaticMeshActor_1 Label:SM_Cube SpatiallyLoaded:1 Bounds:IsValid=true, Min=(X=0.000 Y=0.000 Z=-50.000), Max=(X=3000.000 Y=3500.000 Z=0.000) RuntimeGrid:None EditorOnly:0 RuntimeOnly:0 HLODRelevant:1 ListedInSceneOutliner:1 IsMainWorldOnly:0 FolderPath:Playground FolderGuid:C73F09FC4215536B1DCE2A9E0A830C70
 |   |   |- [+] [ 49]
 |   |   |   |- Guid:F4073E044A244848DFCC089B937182F5 BaseClass: NativeClass:/Script/Engine.StaticMeshActor Name:StaticMeshActor_UAID_047C164C6E2DB54102_1465934022 Label:SM_Cube28 SpatiallyLoaded:1 Bounds:IsValid=true, Min=(X=433.000 Y=2739.417 Z=621.000), Max=(X=708.000 Y=3114.417 Z=671.000) RuntimeGrid:None EditorOnly:0 RuntimeOnly:0 HLODRelevant:1 ListedInSceneOutliner:1 IsMainWorldOnly:0
 |   |   |- [+] [ 50]
 |   |   |   |- Guid:F5E3FEB3450C49844FD93DA8E083C8AD BaseClass: NativeClass:/Script/Engine.PostProcessVolume Name:PostProcessVolume_0 Label:PostProcessVolume SpatiallyLoaded:0 Bounds:IsValid=true, Min=(X=0.000 Y=0.000 Z=400.000), Max=(X=200.000 Y=200.000 Z=600.000) RuntimeGrid:None EditorOnly:0 RuntimeOnly:0 HLODRelevant:0 ListedInSceneOutliner:1 IsMainWorldOnly:0 FolderPath:Lighting FolderGuid:963EC3EB4002CCE9759E2EBA541A873A
 |   |   |- [+] [ 51]
 |   |   |   |- Guid:FD9F05B14633EE4554343D900C2973CA BaseClass: NativeClass:/Script/Engine.StaticMeshActor Name:StaticMeshActor_UAID_047C164C6E2DAF4102_2083225953 Label:SM_Cube22 SpatiallyLoaded:1 Bounds:IsValid=true, Min=(X=2732.000 Y=844.417 Z=388.000), Max=(X=2907.000 Y=1144.417 Z=413.000) RuntimeGrid:None EditorOnly:0 RuntimeOnly:0 HLODRelevant:1 ListedInSceneOutliner:1 IsMainWorldOnly:0
 |   |   |- [+] [ 52]
 |   |   |   |- Guid:FDBF416A454C9067999501A4E6872386 BaseClass: NativeClass:/Script/Engine.StaticMeshActor Name:StaticMeshActor_UAID_047C164C6E2DB54102_1900758028 Label:SM_Cube32 SpatiallyLoaded:1 Bounds:IsValid=true, Min=(X=834.000 Y=773.417 Z=460.000), Max=(X=884.000 Y=1423.417 Z=1035.000) RuntimeGrid:None EditorOnly:0 RuntimeOnly:0 HLODRelevant:1 ListedInSceneOutliner:1 IsMainWorldOnly:0
 |   |   |- [+] [ 53]
 |   |   |   |- Guid:FF698C67459ADB4982D7759C0905EE9F BaseClass: NativeClass:/Script/Engine.StaticMeshActor Name:StaticMeshActor_6 Label:SM_Cube3 SpatiallyLoaded:1 Bounds:IsValid=true, Min=(X=0.000 Y=3400.000 Z=0.000), Max=(X=3000.000 Y=3500.000 Z=400.000) RuntimeGrid:None EditorOnly:0 RuntimeOnly:0 HLODRelevant:1 ListedInSceneOutliner:1 IsMainWorldOnly:0 FolderPath:Playground FolderGuid:C73F09FC4215536B1DCE2A9E0A830C70
 |- ContainerInstances:
 |- [+] MainContainer:
 |   |-        ID: 00000000000000000000000000000000
 |   |-  ParentID: 00000000000000000000000000000000
 |   |-    Bounds: IsValid=false, Min=(X=0.000 Y=0.000 Z=0.000), Max=(X=0.000 Y=0.000 Z=0.000)
 |   |- Transform: 0.000000,0.000000,0.000000|0.000000,0.000000,-0.000000|1.000000,1.000000,1.000000
 |   |- Container: /Game/ThirdPerson/Maps/ThirdPersonMap
----------------------------------------------------------------------------------------------------------------
ThirdPersonMap - Persistent Level
----------------------------------------------------------------------------------------------------------------
[+] Content of ThirdPersonMap Persistent Level
 |- Always loaded Actor Count: 54 
 |- Actor Path: /Game/ThirdPerson/Maps/ThirdPersonMap.ThirdPersonMap:PersistentLevel.DirectionalLight_0
 |- Actor Package: /Game/__ExternalActors__/ThirdPerson/Maps/ThirdPersonMap/5/R1/TS5OQ5CRUWFZYL1ZQ7I416
 |- Actor Path: /Game/ThirdPerson/Maps/ThirdPersonMap.ThirdPersonMap:PersistentLevel.ExponentialHeightFog_0
 |- Actor Package: /Game/__ExternalActors__/ThirdPerson/Maps/ThirdPersonMap/6/J7/N10XDC9G27EMLS5AGZ6AVV
 |- Actor Path: /Game/ThirdPerson/Maps/ThirdPersonMap.ThirdPersonMap:PersistentLevel.PlayerStart_0
 |- Actor Package: /Game/__ExternalActors__/ThirdPerson/Maps/ThirdPersonMap/D/DE/SWSI13675DVYIZ0N4NF7Y3
 |- Actor Path: /Game/ThirdPerson/Maps/ThirdPersonMap.ThirdPersonMap:PersistentLevel.PostProcessVolume_0
 |- Actor Package: /Game/__ExternalActors__/ThirdPerson/Maps/ThirdPersonMap/1/AZ/A7GPT109Y6ZTTJD4A7TXER
 |- Actor Path: /Game/ThirdPerson/Maps/ThirdPersonMap.ThirdPersonMap:PersistentLevel.SkyAtmosphere_0
 |- Actor Package: /Game/__ExternalActors__/ThirdPerson/Maps/ThirdPersonMap/4/LN/30UBDLYFFA5ZR7U4W4L4GG
 |- Actor Path: /Game/ThirdPerson/Maps/ThirdPersonMap.ThirdPersonMap:PersistentLevel.SkyLight_1
 |- Actor Package: /Game/__ExternalActors__/ThirdPerson/Maps/ThirdPersonMap/8/S1/DXUWD12MD3HRWVVXX076BY
 |- Actor Path: /Game/ThirdPerson/Maps/ThirdPersonMap.ThirdPersonMap:PersistentLevel.StaticMeshActor_1
 |- Actor Package: /Game/__ExternalActors__/ThirdPerson/Maps/ThirdPersonMap/6/YO/NG2R9BPZVA7ZDN0Z4VSTG6
 |- Actor Path: /Game/ThirdPerson/Maps/ThirdPersonMap.ThirdPersonMap:PersistentLevel.StaticMeshActor_4
 |- Actor Package: /Game/__ExternalActors__/ThirdPerson/Maps/ThirdPersonMap/5/9Q/U98KGKQ41NJYFOGFQM8ZDY
 |- Actor Path: /Game/ThirdPerson/Maps/ThirdPersonMap.ThirdPersonMap:PersistentLevel.StaticMeshActor_5
 |- Actor Package: /Game/__ExternalActors__/ThirdPerson/Maps/ThirdPersonMap/C/QF/BY1DA5CRGQSAMOTK8RA8KR
 |- Actor Path: /Game/ThirdPerson/Maps/ThirdPersonMap.ThirdPersonMap:PersistentLevel.StaticMeshActor_6
 |- Actor Package: /Game/__ExternalActors__/ThirdPerson/Maps/ThirdPersonMap/D/0G/JNKFA4X9LRMSF343ESPF6Q
 |- Actor Path: /Game/ThirdPerson/Maps/ThirdPersonMap.ThirdPersonMap:PersistentLevel.StaticMeshActor_UAID_047C164C6E2DA64102_1233021352
 |- Actor Package: /Game/__ExternalActors__/ThirdPerson/Maps/ThirdPersonMap/1/43/A4982CN1FHXARF6VLP4ANQ
 |- Actor Path: /Game/ThirdPerson/Maps/ThirdPersonMap.ThirdPersonMap:PersistentLevel.StaticMeshActor_UAID_047C164C6E2DAE4102_2000842761
 |- Actor Package: /Game/__ExternalActors__/ThirdPerson/Maps/ThirdPersonMap/2/1V/CI3YTEQSMDL6G2NSKPDHQX
 |- Actor Path: /Game/ThirdPerson/Maps/ThirdPersonMap.ThirdPersonMap:PersistentLevel.StaticMeshActor_UAID_047C164C6E2DAE4102_2069283762
 |- Actor Package: /Game/__ExternalActors__/ThirdPerson/Maps/ThirdPersonMap/8/FR/QQ5WR19BH1O99RYSTS4QX4
 |- Actor Path: /Game/ThirdPerson/Maps/ThirdPersonMap.ThirdPersonMap:PersistentLevel.StaticMeshActor_UAID_047C164C6E2DAF4102_1100277939
 |- Actor Package: /Game/__ExternalActors__/ThirdPerson/Maps/ThirdPersonMap/A/NM/RDJTFMPWNAZP0QTMLF5AES
 |- Actor Path: /Game/ThirdPerson/Maps/ThirdPersonMap.ThirdPersonMap:PersistentLevel.StaticMeshActor_UAID_047C164C6E2DAF4102_1452987940
 |- Actor Package: /Game/__ExternalActors__/ThirdPerson/Maps/ThirdPersonMap/A/28/3A47TVJVNYHY2LIPGQUSDM
 |- Actor Path: /Game/ThirdPerson/Maps/ThirdPersonMap.ThirdPersonMap:PersistentLevel.StaticMeshActor_UAID_047C164C6E2DAF4102_1478971941
 |- Actor Package: /Game/__ExternalActors__/ThirdPerson/Maps/ThirdPersonMap/1/L2/B5T9RORETNZ5G2JC9QLHYE
 |- Actor Path: /Game/ThirdPerson/Maps/ThirdPersonMap.ThirdPersonMap:PersistentLevel.StaticMeshActor_UAID_047C164C6E2DAF4102_1532728942
 |- Actor Package: /Game/__ExternalActors__/ThirdPerson/Maps/ThirdPersonMap/4/FY/3OUS4F3NCY759WLM0WTKVF
 |- Actor Path: /Game/ThirdPerson/Maps/ThirdPersonMap.ThirdPersonMap:PersistentLevel.StaticMeshActor_UAID_047C164C6E2DAF4102_1633410943
 |- Actor Package: /Game/__ExternalActors__/ThirdPerson/Maps/ThirdPersonMap/5/EW/ZSJJAHM2A1UB6CZU93SUSV
 |- Actor Path: /Game/ThirdPerson/Maps/ThirdPersonMap.ThirdPersonMap:PersistentLevel.StaticMeshActor_UAID_047C164C6E2DAF4102_1656954944
 |- Actor Package: /Game/__ExternalActors__/ThirdPerson/Maps/ThirdPersonMap/0/UJ/2IE06EVLHUCFAZH2LIYK7B
 |- Actor Path: /Game/ThirdPerson/Maps/ThirdPersonMap.ThirdPersonMap:PersistentLevel.StaticMeshActor_UAID_047C164C6E2DAF4102_1673743945
 |- Actor Package: /Game/__ExternalActors__/ThirdPerson/Maps/ThirdPersonMap/C/SM/0JM3MH7P0KRBRJO5GXRG5W
 |- Actor Path: /Game/ThirdPerson/Maps/ThirdPersonMap.ThirdPersonMap:PersistentLevel.StaticMeshActor_UAID_047C164C6E2DAF4102_1683254946
 |- Actor Package: /Game/__ExternalActors__/ThirdPerson/Maps/ThirdPersonMap/C/CV/JKM5LSHAMPOFWIVZOQP2RM
 |- Actor Path: /Game/ThirdPerson/Maps/ThirdPersonMap.ThirdPersonMap:PersistentLevel.StaticMeshActor_UAID_047C164C6E2DAF4102_1703693947
 |- Actor Package: /Game/__ExternalActors__/ThirdPerson/Maps/ThirdPersonMap/C/U9/OPO76EDCGF2RECE8MDYWG8
 |- Actor Path: /Game/ThirdPerson/Maps/ThirdPersonMap.ThirdPersonMap:PersistentLevel.StaticMeshActor_UAID_047C164C6E2DAF4102_1712963948
 |- Actor Package: /Game/__ExternalActors__/ThirdPerson/Maps/ThirdPersonMap/1/5I/G5B26TQXHJNIXZ2K5WDTA2
 |- Actor Path: /Game/ThirdPerson/Maps/ThirdPersonMap.ThirdPersonMap:PersistentLevel.StaticMeshActor_UAID_047C164C6E2DAF4102_1732484949
 |- Actor Package: /Game/__ExternalActors__/ThirdPerson/Maps/ThirdPersonMap/C/1S/1VIVIK71Z754G3G2A4BIMB
 |- Actor Path: /Game/ThirdPerson/Maps/ThirdPersonMap.ThirdPersonMap:PersistentLevel.StaticMeshActor_UAID_047C164C6E2DAF4102_1742963950
 |- Actor Package: /Game/__ExternalActors__/ThirdPerson/Maps/ThirdPersonMap/7/7M/TTC8E61O731ZDGE2GJD47N
 |- Actor Path: /Game/ThirdPerson/Maps/ThirdPersonMap.ThirdPersonMap:PersistentLevel.StaticMeshActor_UAID_047C164C6E2DAF4102_1759868951
 |- Actor Package: /Game/__ExternalActors__/ThirdPerson/Maps/ThirdPersonMap/5/Y6/OQIA5UKB8BNKA7MUKY8IP6
 |- Actor Path: /Game/ThirdPerson/Maps/ThirdPersonMap.ThirdPersonMap:PersistentLevel.StaticMeshActor_UAID_047C164C6E2DAF4102_1772123952
 |- Actor Package: /Game/__ExternalActors__/ThirdPerson/Maps/ThirdPersonMap/D/JP/KJE3888S3WHVAJ00Z34JOG
 |- Actor Path: /Game/ThirdPerson/Maps/ThirdPersonMap.ThirdPersonMap:PersistentLevel.StaticMeshActor_UAID_047C164C6E2DAF4102_2083225953
 |- Actor Package: /Game/__ExternalActors__/ThirdPerson/Maps/ThirdPersonMap/B/L5/TC3TWT4IIPOQTLBUZA0EPD
 |- Actor Path: /Game/ThirdPerson/Maps/ThirdPersonMap.ThirdPersonMap:PersistentLevel.StaticMeshActor_UAID_047C164C6E2DAF4102_2102995954
 |- Actor Package: /Game/__ExternalActors__/ThirdPerson/Maps/ThirdPersonMap/E/BK/DPXPY49DY4D714885T1QEZ
 |- Actor Path: /Game/ThirdPerson/Maps/ThirdPersonMap.ThirdPersonMap:PersistentLevel.StaticMeshActor_UAID_047C164C6E2DB34102_2027272664
 |- Actor Package: /Game/__ExternalActors__/ThirdPerson/Maps/ThirdPersonMap/9/FD/DI1CK0942HSJ77QS282IOM
 |- Actor Path: /Game/ThirdPerson/Maps/ThirdPersonMap.ThirdPersonMap:PersistentLevel.StaticMeshActor_UAID_047C164C6E2DB54102_1248184017
 |- Actor Package: /Game/__ExternalActors__/ThirdPerson/Maps/ThirdPersonMap/C/JJ/3AA9OH4GVZYF33UT8S0R7G
 |- Actor Path: /Game/ThirdPerson/Maps/ThirdPersonMap.ThirdPersonMap:PersistentLevel.StaticMeshActor_UAID_047C164C6E2DB54102_1280655018
 |- Actor Package: /Game/__ExternalActors__/ThirdPerson/Maps/ThirdPersonMap/2/6S/QAWZVZ0QGHXK877JM3RQL0
 |- Actor Path: /Game/ThirdPerson/Maps/ThirdPersonMap.ThirdPersonMap:PersistentLevel.StaticMeshActor_UAID_047C164C6E2DB54102_1416355019
 |- Actor Package: /Game/__ExternalActors__/ThirdPerson/Maps/ThirdPersonMap/1/8B/Y6YZHE6YM93QBHIFTAPHX1
 |- Actor Path: /Game/ThirdPerson/Maps/ThirdPersonMap.ThirdPersonMap:PersistentLevel.StaticMeshActor_UAID_047C164C6E2DB54102_1438975020
 |- Actor Package: /Game/__ExternalActors__/ThirdPerson/Maps/ThirdPersonMap/E/IE/FNO1FAQ2PVXKAQDH9PKTR9
 |- Actor Path: /Game/ThirdPerson/Maps/ThirdPersonMap.ThirdPersonMap:PersistentLevel.StaticMeshActor_UAID_047C164C6E2DB54102_1465934022
 |- Actor Package: /Game/__ExternalActors__/ThirdPerson/Maps/ThirdPersonMap/4/7X/A0QNG6VLBDFL3L2Q176R0A
 |- Actor Path: /Game/ThirdPerson/Maps/ThirdPersonMap.ThirdPersonMap:PersistentLevel.StaticMeshActor_UAID_047C164C6E2DB54102_1601517024
 |- Actor Package: /Game/__ExternalActors__/ThirdPerson/Maps/ThirdPersonMap/3/L6/D5ET15HKMMTBODWX73TWXR
 |- Actor Path: /Game/ThirdPerson/Maps/ThirdPersonMap.ThirdPersonMap:PersistentLevel.StaticMeshActor_UAID_047C164C6E2DB54102_1641534025
 |- Actor Package: /Game/__ExternalActors__/ThirdPerson/Maps/ThirdPersonMap/5/CB/TNT01OMOHHI4MKANBOWEHW
 |- Actor Path: /Game/ThirdPerson/Maps/ThirdPersonMap.ThirdPersonMap:PersistentLevel.StaticMeshActor_UAID_047C164C6E2DB54102_1661103026
 |- Actor Package: /Game/__ExternalActors__/ThirdPerson/Maps/ThirdPersonMap/B/P2/3O0O26U1GKQ7KDAZJI0X0P
 |- Actor Path: /Game/ThirdPerson/Maps/ThirdPersonMap.ThirdPersonMap:PersistentLevel.StaticMeshActor_UAID_047C164C6E2DB54102_1900758028
 |- Actor Package: /Game/__ExternalActors__/ThirdPerson/Maps/ThirdPersonMap/4/DR/ILOQ9PJ9RYILFLTR2AI4YS
 |- Actor Path: /Game/ThirdPerson/Maps/ThirdPersonMap.ThirdPersonMap:PersistentLevel.StaticMeshActor_UAID_047C164C6E2DB54102_1958929029
 |- Actor Package: /Game/__ExternalActors__/ThirdPerson/Maps/ThirdPersonMap/1/95/LBFQ66ADAU6JZH3N308WBZ
 |- Actor Path: /Game/ThirdPerson/Maps/ThirdPersonMap.ThirdPersonMap:PersistentLevel.StaticMeshActor_UAID_047C164C6E2DB54102_2030525030
 |- Actor Package: /Game/__ExternalActors__/ThirdPerson/Maps/ThirdPersonMap/B/E9/UCZZ6LJ72HBNUY5GKLJV7X
 |- Actor Path: /Game/ThirdPerson/Maps/ThirdPersonMap.ThirdPersonMap:PersistentLevel.StaticMeshActor_UAID_047C164C6E2DB54102_2054321031
 |- Actor Package: /Game/__ExternalActors__/ThirdPerson/Maps/ThirdPersonMap/C/66/VD834LB8JXS7VVII7XQ38Q
 |- Actor Path: /Game/ThirdPerson/Maps/ThirdPersonMap.ThirdPersonMap:PersistentLevel.StaticMeshActor_UAID_047C164C6E2DB54102_2076123032
 |- Actor Package: /Game/__ExternalActors__/ThirdPerson/Maps/ThirdPersonMap/C/QF/JQG84JA8WDPZY9U4VSZBB8
 |- Actor Path: /Game/ThirdPerson/Maps/ThirdPersonMap.ThirdPersonMap:PersistentLevel.StaticMeshActor_UAID_047C164C6E2DB54102_2096961033
 |- Actor Package: /Game/__ExternalActors__/ThirdPerson/Maps/ThirdPersonMap/0/W4/BQRNS9FJN12GLX4ANDTVC9
 |- Actor Path: /Game/ThirdPerson/Maps/ThirdPersonMap.ThirdPersonMap:PersistentLevel.StaticMeshActor_UAID_047C164C6E2DB54102_2122593034
 |- Actor Package: /Game/__ExternalActors__/ThirdPerson/Maps/ThirdPersonMap/5/WZ/U1G9285BL63L7QXNQB3VJ4
 |- Actor Path: /Game/ThirdPerson/Maps/ThirdPersonMap.ThirdPersonMap:PersistentLevel.StaticMeshActor_UAID_047C164C6E2DB54102_2135867035
 |- Actor Package: /Game/__ExternalActors__/ThirdPerson/Maps/ThirdPersonMap/4/DX/A7ZV14436169YCEO1GUH8U
 |- Actor Path: /Game/ThirdPerson/Maps/ThirdPersonMap.ThirdPersonMap:PersistentLevel.StaticMeshActor_UAID_047C164C6E2DB64102_1141567212
 |- Actor Package: /Game/__ExternalActors__/ThirdPerson/Maps/ThirdPersonMap/6/OM/UREKTTHYXUA7TJHMXMOIU0
 |- Actor Path: /Game/ThirdPerson/Maps/ThirdPersonMap.ThirdPersonMap:PersistentLevel.StaticMeshActor_UAID_047C164C6E2DB64102_1175137213
 |- Actor Package: /Game/__ExternalActors__/ThirdPerson/Maps/ThirdPersonMap/9/M4/OENVMQUH6UI0YYFOKN4F8H
 |- Actor Path: /Game/ThirdPerson/Maps/ThirdPersonMap.ThirdPersonMap:PersistentLevel.StaticMeshActor_UAID_047C164C6E2DB64102_1198811214
 |- Actor Package: /Game/__ExternalActors__/ThirdPerson/Maps/ThirdPersonMap/4/GZ/6TUO2V6L9O0A913ER8MVO3
 |- Actor Path: /Game/ThirdPerson/Maps/ThirdPersonMap.ThirdPersonMap:PersistentLevel.StaticMeshActor_UAID_047C164C6E2DB64102_1230138215
 |- Actor Package: /Game/__ExternalActors__/ThirdPerson/Maps/ThirdPersonMap/9/HP/533DBI139NDS5JBD6KLB5U
 |- Actor Path: /Game/ThirdPerson/Maps/ThirdPersonMap.ThirdPersonMap:PersistentLevel.StaticMeshActor_UAID_047C164C6E2DB64102_1338788216
 |- Actor Package: /Game/__ExternalActors__/ThirdPerson/Maps/ThirdPersonMap/7/04/VVU9N4M7CVRCMQE42XPTW0
 |- Actor Path: /Game/ThirdPerson/Maps/ThirdPersonMap.ThirdPersonMap:PersistentLevel.StaticMeshActor_UAID_A4AE111137DC5EFB00_1110535423
 |- Actor Package: /Game/__ExternalActors__/ThirdPerson/Maps/ThirdPersonMap/4/PN/2QISIGK5DJNQ05US8O8FXW
 |- Actor Path: /Game/ThirdPerson/Maps/ThirdPersonMap.ThirdPersonMap:PersistentLevel.VolumetricCloud_0
 |- Actor Package: /Game/__ExternalActors__/ThirdPerson/Maps/ThirdPersonMap/3/EY/87SHEJN5UBEAN2K5OV1G6R
 |- Actor Path: /Game/ThirdPerson/Maps/ThirdPersonMap.ThirdPersonMap:PersistentLevel.WorldDataLayers
 |- Actor Package: /Game/__ExternalActors__/ThirdPerson/Maps/ThirdPersonMap/0/43/HYQWORMY4JDQ5X3OKZXFLC

----------------------------------------------------------------------------------------------------------------
ThirdPersonMap - Runtime Hash Set
----------------------------------------------------------------------------------------------------------------

