[+] Containers:
 |- [+] Container: /Game/ThirdPerson/Maps/ThirdPersonMap
 |   |- [+] ActorDescs:
 |   |   |- Guid:0008E01047A84E3366F1008C58795B84 BaseClass: NativeClass:/Script/Engine.PointLight Name:PointLight_UAID_347DF6B2D2E7EB6202_1684087347 Label:PointLight4 SpatiallyLoaded:1 Bounds:IsValid=true, Min=(X=-23.695 Y=-1117.695 Z=-381.695), Max=(X=1211.695 Y=117.695 Z=853.695) RuntimeGrid:None EditorOnly:0 RuntimeOnly:0 HLODRelevant:0 ListedInSceneOutliner:1 IsMainWorldOnly:0
 |   |   |- Guid:01FCEE2A4C695DFCDBCBBD957D7F2694 BaseClass: NativeClass:/Script/Engine.StaticMeshActor Name:StaticMeshActor_UAID_347DF6B2D2E7DC6202_1797209705 Label:SM_MurSortie SpatiallyLoaded:1 Bounds:IsValid=true, Min=(X=608.137 Y=-557.430 Z=6.901), Max=(X=708.137 Y=642.570 Z=306.901) RuntimeGrid:None EditorOnly:0 RuntimeOnly:0 HLODRelevant:1 ListedInSceneOutliner:1 IsMainWorldOnly:0 FolderPath:MURS FolderGuid:7814F16E4D3581A7B41E70A835C4ADAB
 |   |   |- Guid:12FD730547646A4D415BD1B1FEC20075 BaseClass:/Game/Interactable_Objects/BP_CoffreFort.BP_CoffreFort_C NativeClass:/Script/Engine.Actor Name:BP_CoffreFort_C_UAID_347DF6B2D2E7DF6202_1761357241 Label:BP_CoffreFort2 SpatiallyLoaded:1 Bounds:IsValid=true, Min=(X=557.000 Y=-81.882 Z=25.000), Max=(X=607.000 Y=143.882 Z=275.000) RuntimeGrid:None EditorOnly:0 RuntimeOnly:0 HLODRelevant:0 ListedInSceneOutliner:1 IsMainWorldOnly:0 FolderPath:3RD ENIGME FolderGuid:0BBF5D5046AB6541FC8DC69013FFA3BC
 |   |   |- Guid:1C451B214B172901F4585AB2A14D5B12 BaseClass: NativeClass:/Script/Engine.PointLight Name:PointLight_UAID_347DF6B2D2E7EB6202_1624587345 Label:PointLight2 SpatiallyLoaded:1 Bounds:IsValid=true, Min=(X=-891.695 Y=-75.695 Z=-400.695), Max=(X=343.695 Y=1159.695 Z=834.695) RuntimeGrid:None EditorOnly:0 RuntimeOnly:0 HLODRelevant:0 ListedInSceneOutliner:1 IsMainWorldOnly:0
 |   |   |- Guid:3A00AA1C422CE54C0BDB60BAF471BFBB BaseClass: NativeClass:/Script/Engine.PlayerStart Name:PlayerStart_0 Label:PlayerStart SpatiallyLoaded:0 Bounds:IsValid=true, Min=(X=-475.126 Y=-441.126 Z=26.610), Max=(X=-420.874 Y=-386.874 Z=151.390) RuntimeGrid:None EditorOnly:0 RuntimeOnly:0 HLODRelevant:0 ListedInSceneOutliner:1 IsMainWorldOnly:0
 |   |   |- Guid:5AC76F634D7618FF619962A4288D39C0 BaseClass: NativeClass:/Script/Engine.StaticMeshActor Name:StaticMeshActor_UAID_347DF6B2D2E7DF6202_1422386239 Label:SM_Porte SpatiallyLoaded:1 Bounds:IsValid=true, Min=(X=31.771 Y=-704.117 Z=24.172), Max=(X=138.229 Y=-685.883 Z=277.828) RuntimeGrid:None EditorOnly:0 RuntimeOnly:0 HLODRelevant:1 ListedInSceneOutliner:1 IsMainWorldOnly:0 FolderPath:SM FolderGuid:78FCD89848C3040F09D1758668BF7415
 |   |   |- Guid:5D0714834ACFB02D931212A71F7AB5F2 BaseClass: NativeClass:/Script/Engine.StaticMeshActor Name:StaticMeshActor_UAID_347DF6B2D2E7DC6202_2064845706 Label:SM_MurCouloir SpatiallyLoaded:1 Bounds:IsValid=true, Min=(X=-598.303 Y=-796.846 Z=6.901), Max=(X=607.760 Y=660.293 Z=306.901) RuntimeGrid:None EditorOnly:0 RuntimeOnly:0 HLODRelevant:1 ListedInSceneOutliner:1 IsMainWorldOnly:0 FolderPath:MURS FolderGuid:7814F16E4D3581A7B41E70A835C4ADAB
 |   |   |- Guid:6A42EE984EF36454B3818FBC7269838D BaseClass: NativeClass:/Script/Engine.PointLight Name:PointLight_UAID_347DF6B2D2E7EB6202_1247008344 Label:PointLight SpatiallyLoaded:1 Bounds:IsValid=true, Min=(X=-265.695 Y=16.305 Z=-400.695), Max=(X=969.695 Y=1251.695 Z=834.695) RuntimeGrid:None EditorOnly:0 RuntimeOnly:0 HLODRelevant:0 ListedInSceneOutliner:1 IsMainWorldOnly:0
 |   |   |- Guid:6BAF4DDD444C60371492D3919DB42C97 BaseClass: NativeClass:/Script/Engine.WorldDataLayers Name:WorldDataLayers Label:WorldDataLayers SpatiallyLoaded:0 Bounds:IsValid=true, Min=(X=0.000 Y=0.000 Z=0.000), Max=(X=0.000 Y=0.000 Z=0.000) RuntimeGrid:None EditorOnly:0 RuntimeOnly:0 HLODRelevant:0 ListedInSceneOutliner:1 IsMainWorldOnly:1
 |   |   |- Guid:74E8D659442C2349490C1BA920B46923 BaseClass: NativeClass:/Script/Engine.StaticMeshActor Name:StaticMeshActor_UAID_347DF6B2D2E7DC6202_1493126703 Label:SM_MurFenetre_01 SpatiallyLoaded:1 Bounds:IsValid=true, Min=(X=-517.998 Y=646.666 Z=-45.861), Max=(X=817.466 Y=658.356 Z=307.760) RuntimeGrid:None EditorOnly:0 RuntimeOnly:0 HLODRelevant:1 ListedInSceneOutliner:1 IsMainWorldOnly:0 FolderPath:MURS FolderGuid:7814F16E4D3581A7B41E70A835C4ADAB
 |   |   |- Guid:A11970F943B1312814583A9C573EAC56 BaseClass: NativeClass:/Script/Engine.PointLight Name:PointLight_UAID_347DF6B2D2E7EB6202_1662618346 Label:PointLight3 SpatiallyLoaded:1 Bounds:IsValid=true, Min=(X=-890.695 Y=-868.695 Z=-400.695), Max=(X=344.695 Y=366.695 Z=834.695) RuntimeGrid:None EditorOnly:0 RuntimeOnly:0 HLODRelevant:0 ListedInSceneOutliner:1 IsMainWorldOnly:0
 |   |   |- Guid:AA88167B4C7915432AC777AEAD8AF9E1 BaseClass: NativeClass:/Script/Engine.PointLight Name:PointLight_UAID_347DF6B2D2E7EB6202_1727406348 Label:PointLight5 SpatiallyLoaded:1 Bounds:IsValid=true, Min=(X=-22.695 Y=-271.695 Z=-381.695), Max=(X=1212.695 Y=963.695 Z=853.695) RuntimeGrid:None EditorOnly:0 RuntimeOnly:0 HLODRelevant:0 ListedInSceneOutliner:1 IsMainWorldOnly:0
 |   |   |- Guid:B3C2BB374EEF0FD3CCE6EDB064FA0805 BaseClass:/Game/Interactable_Objects/BP_CadenasBase.BP_CadenasBase_C NativeClass:/Script/Engine.Actor Name:BP_CadenasBase_C_UAID_347DF6B2D2E7DF6202_1937945245 Label:BP_CadenasBase6 SpatiallyLoaded:1 Bounds:IsValid=true, Min=(X=518.790 Y=453.958 Z=97.853), Max=(X=673.304 Y=498.042 Z=203.765) RuntimeGrid:None EditorOnly:0 RuntimeOnly:0 HLODRelevant:0 ListedInSceneOutliner:1 IsMainWorldOnly:0 FolderPath:3RD ENIGME FolderGuid:0BBF5D5046AB6541FC8DC69013FFA3BC
 |   |   |- Guid:B95FFAAD4F434A26812B808C1ED3FB61 BaseClass:/Game/Interactable_Objects/BP_CadenasBase.BP_CadenasBase_C NativeClass:/Script/Engine.Actor Name:BP_CadenasBase_C_UAID_347DF6B2D2E7DF6202_1830490242 Label:BP_CadenasBase3 SpatiallyLoaded:1 Bounds:IsValid=true, Min=(X=517.790 Y=200.958 Z=95.853), Max=(X=672.304 Y=245.042 Z=201.765) RuntimeGrid:None EditorOnly:0 RuntimeOnly:0 HLODRelevant:0 ListedInSceneOutliner:1 IsMainWorldOnly:0 FolderPath:3RD ENIGME FolderGuid:0BBF5D5046AB6541FC8DC69013FFA3BC
 |   |   |- Guid:C5986FB84740A7316DBAA59A6EEF175E BaseClass:/Game/Interactable_Objects/BP_CadenasBase.BP_CadenasBase_C NativeClass:/Script/Engine.Actor Name:BP_CadenasBase_C_UAID_347DF6B2D2E7DF6202_1933873244 Label:BP_CadenasBase5 SpatiallyLoaded:1 Bounds:IsValid=true, Min=(X=517.790 Y=322.958 Z=95.853), Max=(X=672.304 Y=367.042 Z=201.765) RuntimeGrid:None EditorOnly:0 RuntimeOnly:0 HLODRelevant:0 ListedInSceneOutliner:1 IsMainWorldOnly:0 FolderPath:3RD ENIGME FolderGuid:0BBF5D5046AB6541FC8DC69013FFA3BC
 |   |   |- Guid:C751E5354D048CAEE4B621B9F9598178 BaseClass: NativeClass:/Script/Engine.StaticMeshActor Name:StaticMeshActor_UAID_347DF6B2D2E7EB6202_1174148343 Label:SM_Sol2 SpatiallyLoaded:1 Bounds:IsValid=true, Min=(X=-616.788 Y=-712.635 Z=288.635), Max=(X=618.788 Y=688.635 Z=391.365) RuntimeGrid:None EditorOnly:0 RuntimeOnly:0 HLODRelevant:1 ListedInSceneOutliner:1 IsMainWorldOnly:0 FolderPath:MURS FolderGuid:7814F16E4D3581A7B41E70A835C4ADAB
 |   |   |- Guid:D612B3CB45CD3AEC899208A0CA843441 BaseClass: NativeClass:/Script/Engine.StaticMeshActor Name:StaticMeshActor_UAID_347DF6B2D2E7DD6202_1297396883 Label:SM_Sol SpatiallyLoaded:1 Bounds:IsValid=true, Min=(X=-617.788 Y=-713.635 Z=-77.365), Max=(X=617.788 Y=687.635 Z=25.365) RuntimeGrid:None EditorOnly:0 RuntimeOnly:0 HLODRelevant:1 ListedInSceneOutliner:1 IsMainWorldOnly:0 FolderPath:MURS FolderGuid:7814F16E4D3581A7B41E70A835C4ADAB
 |   |   |- Guid:F5E3FEB3450C49844FD93DA8E083C8AD BaseClass: NativeClass:/Script/Engine.PostProcessVolume Name:PostProcessVolume_0 Label:PostProcessVolume SpatiallyLoaded:0 Bounds:IsValid=true, Min=(X=0.000 Y=0.000 Z=37.000), Max=(X=200.000 Y=200.000 Z=237.000) RuntimeGrid:None EditorOnly:0 RuntimeOnly:0 HLODRelevant:0 ListedInSceneOutliner:1 IsMainWorldOnly:0 FolderPath:Lighting FolderGuid:963EC3EB4002CCE9759E2EBA541A873A
 |   |- [+] Clusters:
 |   |   |- [+] [  0]
 |   |   |   |- Guid:0008E01047A84E3366F1008C58795B84 BaseClass: NativeClass:/Script/Engine.PointLight Name:PointLight_UAID_347DF6B2D2E7EB6202_1684087347 Label:PointLight4 SpatiallyLoaded:1 Bounds:IsValid=true, Min=(X=-23.695 Y=-1117.695 Z=-381.695), Max=(X=1211.695 Y=117.695 Z=853.695) RuntimeGrid:None EditorOnly:0 RuntimeOnly:0 HLODRelevant:0 ListedInSceneOutliner:1 IsMainWorldOnly:0
 |   |   |- [+] [  1]
 |   |   |   |- Guid:01FCEE2A4C695DFCDBCBBD957D7F2694 BaseClass: NativeClass:/Script/Engine.StaticMeshActor Name:StaticMeshActor_UAID_347DF6B2D2E7DC6202_1797209705 Label:SM_MurSortie SpatiallyLoaded:1 Bounds:IsValid=true, Min=(X=608.137 Y=-557.430 Z=6.901), Max=(X=708.137 Y=642.570 Z=306.901) RuntimeGrid:None EditorOnly:0 RuntimeOnly:0 HLODRelevant:1 ListedInSceneOutliner:1 IsMainWorldOnly:0 FolderPath:MURS FolderGuid:7814F16E4D3581A7B41E70A835C4ADAB
 |   |   |- [+] [  2]
 |   |   |   |- Guid:12FD730547646A4D415BD1B1FEC20075 BaseClass:/Game/Interactable_Objects/BP_CoffreFort.BP_CoffreFort_C NativeClass:/Script/Engine.Actor Name:BP_CoffreFort_C_UAID_347DF6B2D2E7DF6202_1761357241 Label:BP_CoffreFort2 SpatiallyLoaded:1 Bounds:IsValid=true, Min=(X=557.000 Y=-81.882 Z=25.000), Max=(X=607.000 Y=143.882 Z=275.000) RuntimeGrid:None EditorOnly:0 RuntimeOnly:0 HLODRelevant:0 ListedInSceneOutliner:1 IsMainWorldOnly:0 FolderPath:3RD ENIGME FolderGuid:0BBF5D5046AB6541FC8DC69013FFA3BC
 |   |   |   |- Guid:B3C2BB374EEF0FD3CCE6EDB064FA0805 BaseClass:/Game/Interactable_Objects/BP_CadenasBase.BP_CadenasBase_C NativeClass:/Script/Engine.Actor Name:BP_CadenasBase_C_UAID_347DF6B2D2E7DF6202_1937945245 Label:BP_CadenasBase6 SpatiallyLoaded:1 Bounds:IsValid=true, Min=(X=518.790 Y=453.958 Z=97.853), Max=(X=673.304 Y=498.042 Z=203.765) RuntimeGrid:None EditorOnly:0 RuntimeOnly:0 HLODRelevant:0 ListedInSceneOutliner:1 IsMainWorldOnly:0 FolderPath:3RD ENIGME FolderGuid:0BBF5D5046AB6541FC8DC69013FFA3BC
 |   |   |   |- Guid:B95FFAAD4F434A26812B808C1ED3FB61 BaseClass:/Game/Interactable_Objects/BP_CadenasBase.BP_CadenasBase_C NativeClass:/Script/Engine.Actor Name:BP_CadenasBase_C_UAID_347DF6B2D2E7DF6202_1830490242 Label:BP_CadenasBase3 SpatiallyLoaded:1 Bounds:IsValid=true, Min=(X=517.790 Y=200.958 Z=95.853), Max=(X=672.304 Y=245.042 Z=201.765) RuntimeGrid:None EditorOnly:0 RuntimeOnly:0 HLODRelevant:0 ListedInSceneOutliner:1 IsMainWorldOnly:0 FolderPath:3RD ENIGME FolderGuid:0BBF5D5046AB6541FC8DC69013FFA3BC
 |   |   |   |- Guid:C5986FB84740A7316DBAA59A6EEF175E BaseClass:/Game/Interactable_Objects/BP_CadenasBase.BP_CadenasBase_C NativeClass:/Script/Engine.Actor Name:BP_CadenasBase_C_UAID_347DF6B2D2E7DF6202_1933873244 Label:BP_CadenasBase5 SpatiallyLoaded:1 Bounds:IsValid=true, Min=(X=517.790 Y=322.958 Z=95.853), Max=(X=672.304 Y=367.042 Z=201.765) RuntimeGrid:None EditorOnly:0 RuntimeOnly:0 HLODRelevant:0 ListedInSceneOutliner:1 IsMainWorldOnly:0 FolderPath:3RD ENIGME FolderGuid:0BBF5D5046AB6541FC8DC69013FFA3BC
 |   |   |- [+] [  3]
 |   |   |   |- Guid:1C451B214B172901F4585AB2A14D5B12 BaseClass: NativeClass:/Script/Engine.PointLight Name:PointLight_UAID_347DF6B2D2E7EB6202_1624587345 Label:PointLight2 SpatiallyLoaded:1 Bounds:IsValid=true, Min=(X=-891.695 Y=-75.695 Z=-400.695), Max=(X=343.695 Y=1159.695 Z=834.695) RuntimeGrid:None EditorOnly:0 RuntimeOnly:0 HLODRelevant:0 ListedInSceneOutliner:1 IsMainWorldOnly:0
 |   |   |- [+] [  4]
 |   |   |   |- Guid:3A00AA1C422CE54C0BDB60BAF471BFBB BaseClass: NativeClass:/Script/Engine.PlayerStart Name:PlayerStart_0 Label:PlayerStart SpatiallyLoaded:0 Bounds:IsValid=true, Min=(X=-475.126 Y=-441.126 Z=26.610), Max=(X=-420.874 Y=-386.874 Z=151.390) RuntimeGrid:None EditorOnly:0 RuntimeOnly:0 HLODRelevant:0 ListedInSceneOutliner:1 IsMainWorldOnly:0
 |   |   |- [+] [  5]
 |   |   |   |- Guid:5AC76F634D7618FF619962A4288D39C0 BaseClass: NativeClass:/Script/Engine.StaticMeshActor Name:StaticMeshActor_UAID_347DF6B2D2E7DF6202_1422386239 Label:SM_Porte SpatiallyLoaded:1 Bounds:IsValid=true, Min=(X=31.771 Y=-704.117 Z=24.172), Max=(X=138.229 Y=-685.883 Z=277.828) RuntimeGrid:None EditorOnly:0 RuntimeOnly:0 HLODRelevant:1 ListedInSceneOutliner:1 IsMainWorldOnly:0 FolderPath:SM FolderGuid:78FCD89848C3040F09D1758668BF7415
 |   |   |- [+] [  6]
 |   |   |   |- Guid:5D0714834ACFB02D931212A71F7AB5F2 BaseClass: NativeClass:/Script/Engine.StaticMeshActor Name:StaticMeshActor_UAID_347DF6B2D2E7DC6202_2064845706 Label:SM_MurCouloir SpatiallyLoaded:1 Bounds:IsValid=true, Min=(X=-598.303 Y=-796.846 Z=6.901), Max=(X=607.760 Y=660.293 Z=306.901) RuntimeGrid:None EditorOnly:0 RuntimeOnly:0 HLODRelevant:1 ListedInSceneOutliner:1 IsMainWorldOnly:0 FolderPath:MURS FolderGuid:7814F16E4D3581A7B41E70A835C4ADAB
 |   |   |- [+] [  7]
 |   |   |   |- Guid:6A42EE984EF36454B3818FBC7269838D BaseClass: NativeClass:/Script/Engine.PointLight Name:PointLight_UAID_347DF6B2D2E7EB6202_1247008344 Label:PointLight SpatiallyLoaded:1 Bounds:IsValid=true, Min=(X=-265.695 Y=16.305 Z=-400.695), Max=(X=969.695 Y=1251.695 Z=834.695) RuntimeGrid:None EditorOnly:0 RuntimeOnly:0 HLODRelevant:0 ListedInSceneOutliner:1 IsMainWorldOnly:0
 |   |   |- [+] [  8]
 |   |   |   |- Guid:6BAF4DDD444C60371492D3919DB42C97 BaseClass: NativeClass:/Script/Engine.WorldDataLayers Name:WorldDataLayers Label:WorldDataLayers SpatiallyLoaded:0 Bounds:IsValid=true, Min=(X=0.000 Y=0.000 Z=0.000), Max=(X=0.000 Y=0.000 Z=0.000) RuntimeGrid:None EditorOnly:0 RuntimeOnly:0 HLODRelevant:0 ListedInSceneOutliner:1 IsMainWorldOnly:1
 |   |   |- [+] [  9]
 |   |   |   |- Guid:74E8D659442C2349490C1BA920B46923 BaseClass: NativeClass:/Script/Engine.StaticMeshActor Name:StaticMeshActor_UAID_347DF6B2D2E7DC6202_1493126703 Label:SM_MurFenetre_01 SpatiallyLoaded:1 Bounds:IsValid=true, Min=(X=-517.998 Y=646.666 Z=-45.861), Max=(X=817.466 Y=658.356 Z=307.760) RuntimeGrid:None EditorOnly:0 RuntimeOnly:0 HLODRelevant:1 ListedInSceneOutliner:1 IsMainWorldOnly:0 FolderPath:MURS FolderGuid:7814F16E4D3581A7B41E70A835C4ADAB
 |   |   |- [+] [ 10]
 |   |   |   |- Guid:A11970F943B1312814583A9C573EAC56 BaseClass: NativeClass:/Script/Engine.PointLight Name:PointLight_UAID_347DF6B2D2E7EB6202_1662618346 Label:PointLight3 SpatiallyLoaded:1 Bounds:IsValid=true, Min=(X=-890.695 Y=-868.695 Z=-400.695), Max=(X=344.695 Y=366.695 Z=834.695) RuntimeGrid:None EditorOnly:0 RuntimeOnly:0 HLODRelevant:0 ListedInSceneOutliner:1 IsMainWorldOnly:0
 |   |   |- [+] [ 11]
 |   |   |   |- Guid:AA88167B4C7915432AC777AEAD8AF9E1 BaseClass: NativeClass:/Script/Engine.PointLight Name:PointLight_UAID_347DF6B2D2E7EB6202_1727406348 Label:PointLight5 SpatiallyLoaded:1 Bounds:IsValid=true, Min=(X=-22.695 Y=-271.695 Z=-381.695), Max=(X=1212.695 Y=963.695 Z=853.695) RuntimeGrid:None EditorOnly:0 RuntimeOnly:0 HLODRelevant:0 ListedInSceneOutliner:1 IsMainWorldOnly:0
 |   |   |- [+] [ 12]
 |   |   |   |- Guid:C751E5354D048CAEE4B621B9F9598178 BaseClass: NativeClass:/Script/Engine.StaticMeshActor Name:StaticMeshActor_UAID_347DF6B2D2E7EB6202_1174148343 Label:SM_Sol2 SpatiallyLoaded:1 Bounds:IsValid=true, Min=(X=-616.788 Y=-712.635 Z=288.635), Max=(X=618.788 Y=688.635 Z=391.365) RuntimeGrid:None EditorOnly:0 RuntimeOnly:0 HLODRelevant:1 ListedInSceneOutliner:1 IsMainWorldOnly:0 FolderPath:MURS FolderGuid:7814F16E4D3581A7B41E70A835C4ADAB
 |   |   |- [+] [ 13]
 |   |   |   |- Guid:D612B3CB45CD3AEC899208A0CA843441 BaseClass: NativeClass:/Script/Engine.StaticMeshActor Name:StaticMeshActor_UAID_347DF6B2D2E7DD6202_1297396883 Label:SM_Sol SpatiallyLoaded:1 Bounds:IsValid=true, Min=(X=-617.788 Y=-713.635 Z=-77.365), Max=(X=617.788 Y=687.635 Z=25.365) RuntimeGrid:None EditorOnly:0 RuntimeOnly:0 HLODRelevant:1 ListedInSceneOutliner:1 IsMainWorldOnly:0 FolderPath:MURS FolderGuid:7814F16E4D3581A7B41E70A835C4ADAB
 |   |   |- [+] [ 14]
 |   |   |   |- Guid:F5E3FEB3450C49844FD93DA8E083C8AD BaseClass: NativeClass:/Script/Engine.PostProcessVolume Name:PostProcessVolume_0 Label:PostProcessVolume SpatiallyLoaded:0 Bounds:IsValid=true, Min=(X=0.000 Y=0.000 Z=37.000), Max=(X=200.000 Y=200.000 Z=237.000) RuntimeGrid:None EditorOnly:0 RuntimeOnly:0 HLODRelevant:0 ListedInSceneOutliner:1 IsMainWorldOnly:0 FolderPath:Lighting FolderGuid:963EC3EB4002CCE9759E2EBA541A873A
 |- ContainerInstances:
 |- [+] MainContainer:
 |   |-        ID: 00000000000000000000000000000000
 |   |-  ParentID: 00000000000000000000000000000000
 |   |-    Bounds: IsValid=false, Min=(X=0.000 Y=0.000 Z=0.000), Max=(X=0.000 Y=0.000 Z=0.000)
 |   |- Transform: 0.000000,0.000000,0.000000|0.000000,0.000000,-0.000000|1.000000,1.000000,1.000000
 |   |- Container: /Game/ThirdPerson/Maps/ThirdPersonMap
----------------------------------------------------------------------------------------------------------------
ThirdPersonMap - Persistent Level
----------------------------------------------------------------------------------------------------------------
[+] Content of ThirdPersonMap Persistent Level
 |- Always loaded Actor Count: 18 
 |- Actor Path: /Game/ThirdPerson/Maps/ThirdPersonMap.ThirdPersonMap:PersistentLevel.BP_CadenasBase_C_UAID_347DF6B2D2E7DF6202_1830490242
 |- Actor Package: /Game/__ExternalActors__/ThirdPerson/Maps/ThirdPersonMap/4/E0/BCRLVIIPKOXCYT9ZQSCRUZ
 |- Actor Path: /Game/ThirdPerson/Maps/ThirdPersonMap.ThirdPersonMap:PersistentLevel.BP_CadenasBase_C_UAID_347DF6B2D2E7DF6202_1933873244
 |- Actor Package: /Game/__ExternalActors__/ThirdPerson/Maps/ThirdPersonMap/3/A9/45CS7IWYTXWEKFH8IHNXJE
 |- Actor Path: /Game/ThirdPerson/Maps/ThirdPersonMap.ThirdPersonMap:PersistentLevel.BP_CadenasBase_C_UAID_347DF6B2D2E7DF6202_1937945245
 |- Actor Package: /Game/__ExternalActors__/ThirdPerson/Maps/ThirdPersonMap/8/O5/DXQ3C23MUD071UB2WOGKUF
 |- Actor Path: /Game/ThirdPerson/Maps/ThirdPersonMap.ThirdPersonMap:PersistentLevel.BP_CoffreFort_C_UAID_347DF6B2D2E7DF6202_1761357241
 |- Actor Package: /Game/__ExternalActors__/ThirdPerson/Maps/ThirdPersonMap/B/WP/NBJ7LDPUA7V1G4UA1MPTPQ
 |- Actor Path: /Game/ThirdPerson/Maps/ThirdPersonMap.ThirdPersonMap:PersistentLevel.PlayerStart_0
 |- Actor Package: /Game/__ExternalActors__/ThirdPerson/Maps/ThirdPersonMap/D/DE/SWSI13675DVYIZ0N4NF7Y3
 |- Actor Path: /Game/ThirdPerson/Maps/ThirdPersonMap.ThirdPersonMap:PersistentLevel.PointLight_UAID_347DF6B2D2E7EB6202_1247008344
 |- Actor Package: /Game/__ExternalActors__/ThirdPerson/Maps/ThirdPersonMap/D/BZ/7J5GUMISONTKXHA970ST24
 |- Actor Path: /Game/ThirdPerson/Maps/ThirdPersonMap.ThirdPersonMap:PersistentLevel.PointLight_UAID_347DF6B2D2E7EB6202_1624587345
 |- Actor Package: /Game/__ExternalActors__/ThirdPerson/Maps/ThirdPersonMap/9/2P/VQST8H1CC2TENS6S5VLOD7
 |- Actor Path: /Game/ThirdPerson/Maps/ThirdPersonMap.ThirdPersonMap:PersistentLevel.PointLight_UAID_347DF6B2D2E7EB6202_1662618346
 |- Actor Package: /Game/__ExternalActors__/ThirdPerson/Maps/ThirdPersonMap/2/CP/25GK19FM4TTFOWAMCFIM6W
 |- Actor Path: /Game/ThirdPerson/Maps/ThirdPersonMap.ThirdPersonMap:PersistentLevel.PointLight_UAID_347DF6B2D2E7EB6202_1684087347
 |- Actor Package: /Game/__ExternalActors__/ThirdPerson/Maps/ThirdPersonMap/6/FO/DBQAQB26I797KMW18K88OA
 |- Actor Path: /Game/ThirdPerson/Maps/ThirdPersonMap.ThirdPersonMap:PersistentLevel.PointLight_UAID_347DF6B2D2E7EB6202_1727406348
 |- Actor Package: /Game/__ExternalActors__/ThirdPerson/Maps/ThirdPersonMap/2/NP/FLWRSG9DMR7UXYS0IFHFCY
 |- Actor Path: /Game/ThirdPerson/Maps/ThirdPersonMap.ThirdPersonMap:PersistentLevel.PostProcessVolume_0
 |- Actor Package: /Game/__ExternalActors__/ThirdPerson/Maps/ThirdPersonMap/1/AZ/A7GPT109Y6ZTTJD4A7TXER
 |- Actor Path: /Game/ThirdPerson/Maps/ThirdPersonMap.ThirdPersonMap:PersistentLevel.StaticMeshActor_UAID_347DF6B2D2E7DC6202_1493126703
 |- Actor Package: /Game/__ExternalActors__/ThirdPerson/Maps/ThirdPersonMap/D/LD/ZIDCZMG7AA9DON0W060XEV
 |- Actor Path: /Game/ThirdPerson/Maps/ThirdPersonMap.ThirdPersonMap:PersistentLevel.StaticMeshActor_UAID_347DF6B2D2E7DC6202_1797209705
 |- Actor Package: /Game/__ExternalActors__/ThirdPerson/Maps/ThirdPersonMap/8/C7/GCJODCVQ69GP0U1Z9HTVA8
 |- Actor Path: /Game/ThirdPerson/Maps/ThirdPersonMap.ThirdPersonMap:PersistentLevel.StaticMeshActor_UAID_347DF6B2D2E7DC6202_2064845706
 |- Actor Package: /Game/__ExternalActors__/ThirdPerson/Maps/ThirdPersonMap/E/14/WGP0BMUOGNVWWW8QBYIX9Q
 |- Actor Path: /Game/ThirdPerson/Maps/ThirdPersonMap.ThirdPersonMap:PersistentLevel.StaticMeshActor_UAID_347DF6B2D2E7DD6202_1297396883
 |- Actor Package: /Game/__ExternalActors__/ThirdPerson/Maps/ThirdPersonMap/6/PI/KIUJ9KR7VZ9JGCY36MIEQC
 |- Actor Path: /Game/ThirdPerson/Maps/ThirdPersonMap.ThirdPersonMap:PersistentLevel.StaticMeshActor_UAID_347DF6B2D2E7DF6202_1422386239
 |- Actor Package: /Game/__ExternalActors__/ThirdPerson/Maps/ThirdPersonMap/E/AS/KISW5QNNRQCG8TM665ZTEI
 |- Actor Path: /Game/ThirdPerson/Maps/ThirdPersonMap.ThirdPersonMap:PersistentLevel.StaticMeshActor_UAID_347DF6B2D2E7EB6202_1174148343
 |- Actor Package: /Game/__ExternalActors__/ThirdPerson/Maps/ThirdPersonMap/C/3F/XKYCLC0P4B30P10C26Y5IZ
 |- Actor Path: /Game/ThirdPerson/Maps/ThirdPersonMap.ThirdPersonMap:PersistentLevel.WorldDataLayers
 |- Actor Package: /Game/__ExternalActors__/ThirdPerson/Maps/ThirdPersonMap/0/43/HYQWORMY4JDQ5X3OKZXFLC

----------------------------------------------------------------------------------------------------------------
ThirdPersonMap - Runtime Hash Set
----------------------------------------------------------------------------------------------------------------

